ERROR [AWT-EventQueue-0] 2020-06-10 15:42:08,675 repast.simphony.ui.RSApplication - Error while initializing simulation
java.lang.NullPointerException
	at repast.simphony.engine.controller.ScheduledMethodControllerAction.processContext(ScheduledMethodControllerAction.java:157)
	at repast.simphony.engine.controller.ScheduledMethodControllerAction.runInitialize(ScheduledMethodControllerAction.java:182)
	at repast.simphony.engine.controller.DefaultController$2.visit(DefaultController.java:214)
	at repast.simphony.engine.controller.DefaultController$2.visit(DefaultController.java:1)
	at repast.simphony.util.collections.NaryTree.preOrderTraverals(NaryTree.java:292)
	at repast.simphony.util.collections.NaryTree.preOrderTraverals(NaryTree.java:295)
	at repast.simphony.util.collections.NaryTree.preOrderTraversal(NaryTree.java:288)
	at repast.simphony.engine.controller.DefaultController.runInitialize(DefaultController.java:212)
	at repast.simphony.engine.controller.DefaultController.runInitialize(DefaultController.java:383)
	at repast.simphony.ui.RSApplication.initSim(RSApplication.java:157)
	at repast.simphony.ui.RSApplication.start(RSApplication.java:189)
	at repast.simphony.ui.action.StartRun.actionPerformed(StartRun.java:17)
	at javax.swing.AbstractButton.fireActionPerformed(AbstractButton.java:2022)
	at javax.swing.AbstractButton$Handler.actionPerformed(AbstractButton.java:2348)
	at javax.swing.DefaultButtonModel.fireActionPerformed(DefaultButtonModel.java:402)
	at javax.swing.DefaultButtonModel.setPressed(DefaultButtonModel.java:259)
	at javax.swing.plaf.basic.BasicButtonListener.mouseReleased(BasicButtonListener.java:252)
	at java.awt.AWTEventMulticaster.mouseReleased(AWTEventMulticaster.java:289)
	at java.awt.Component.processMouseEvent(Component.java:6539)
	at javax.swing.JComponent.processMouseEvent(JComponent.java:3324)
	at java.awt.Component.processEvent(Component.java:6304)
	at java.awt.Container.processEvent(Container.java:2239)
	at java.awt.Component.dispatchEventImpl(Component.java:4889)
	at java.awt.Container.dispatchEventImpl(Container.java:2297)
	at java.awt.Component.dispatchEvent(Component.java:4711)
	at java.awt.LightweightDispatcher.retargetMouseEvent(Container.java:4904)
	at java.awt.LightweightDispatcher.processMouseEvent(Container.java:4535)
	at java.awt.LightweightDispatcher.dispatchEvent(Container.java:4476)
	at java.awt.Container.dispatchEventImpl(Container.java:2283)
	at java.awt.Window.dispatchEventImpl(Window.java:2746)
	at java.awt.Component.dispatchEvent(Component.java:4711)
	at java.awt.EventQueue.dispatchEventImpl(EventQueue.java:760)
	at java.awt.EventQueue.access$500(EventQueue.java:97)
	at java.awt.EventQueue$3.run(EventQueue.java:709)
	at java.awt.EventQueue$3.run(EventQueue.java:703)
	at java.security.AccessController.doPrivileged(Native Method)
	at java.security.ProtectionDomain$JavaSecurityAccessImpl.doIntersectionPrivilege(ProtectionDomain.java:74)
	at java.security.ProtectionDomain$JavaSecurityAccessImpl.doIntersectionPrivilege(ProtectionDomain.java:84)
	at java.awt.EventQueue$4.run(EventQueue.java:733)
	at java.awt.EventQueue$4.run(EventQueue.java:731)
	at java.security.AccessController.doPrivileged(Native Method)
	at java.security.ProtectionDomain$JavaSecurityAccessImpl.doIntersectionPrivilege(ProtectionDomain.java:74)
	at java.awt.EventQueue.dispatchEvent(EventQueue.java:730)
	at java.awt.EventDispatchThread.pumpOneEventForFilters(EventDispatchThread.java:205)
	at java.awt.EventDispatchThread.pumpEventsForFilter(EventDispatchThread.java:116)
	at java.awt.EventDispatchThread.pumpEventsForHierarchy(EventDispatchThread.java:105)
	at java.awt.EventDispatchThread.pumpEvents(EventDispatchThread.java:101)
	at java.awt.EventDispatchThread.pumpEvents(EventDispatchThread.java:93)
	at java.awt.EventDispatchThread.run(EventDispatchThread.java:82)
FATAL [Thread-15] 2020-06-10 15:50:41,336 repast.simphony.ui.GUIScheduleRunner - RunTimeException when running the schedule
Current tick (224.0)
java.lang.NullPointerException
	at repast.simphony.visualizationOGL2D.DisplayOGL2D.getSpatialForObject(DisplayOGL2D.java:535)
	at repast.simphony.visualizationOGL2D.NetworkLayerOGL2D.update(NetworkLayerOGL2D.java:103)
	at repast.simphony.visualizationOGL2D.DisplayOGL2D.update(DisplayOGL2D.java:410)
	at repast.simphony.visualization.engine.DisplayComponentControllerAction$DisplayUpdater.execute(DisplayComponentControllerAction.java:48)
	at repast.simphony.engine.schedule.DefaultAction.execute(DefaultAction.java:38)
	at repast.simphony.engine.schedule.ScheduleGroup.executeList(ScheduleGroup.java:205)
	at repast.simphony.engine.schedule.ScheduleGroup.execute(ScheduleGroup.java:238)
	at repast.simphony.engine.schedule.Schedule.execute(Schedule.java:352)
	at repast.simphony.ui.GUIScheduleRunner$ScheduleLoopRunnable.run(GUIScheduleRunner.java:52)
	at java.lang.Thread.run(Thread.java:748)
FATAL [Thread-15] 2020-06-10 15:52:07,815 repast.simphony.ui.GUIScheduleRunner - RunTimeException when running the schedule
Current tick (182.0)
java.lang.NullPointerException
	at repast.simphony.visualizationOGL2D.DisplayOGL2D.getSpatialForObject(DisplayOGL2D.java:535)
	at repast.simphony.visualizationOGL2D.NetworkLayerOGL2D.update(NetworkLayerOGL2D.java:104)
	at repast.simphony.visualizationOGL2D.DisplayOGL2D.update(DisplayOGL2D.java:410)
	at repast.simphony.visualization.engine.DisplayComponentControllerAction$DisplayUpdater.execute(DisplayComponentControllerAction.java:48)
	at repast.simphony.engine.schedule.DefaultAction.execute(DefaultAction.java:38)
	at repast.simphony.engine.schedule.ScheduleGroup.executeList(ScheduleGroup.java:205)
	at repast.simphony.engine.schedule.ScheduleGroup.execute(ScheduleGroup.java:238)
	at repast.simphony.engine.schedule.Schedule.execute(Schedule.java:352)
	at repast.simphony.ui.GUIScheduleRunner$ScheduleLoopRunnable.run(GUIScheduleRunner.java:52)
	at java.lang.Thread.run(Thread.java:748)
FATAL [Thread-16] 2020-06-10 16:20:10,613 repast.simphony.ui.GUIScheduleRunner - RunTimeException when running the schedule
Current tick (4095.0)
java.lang.NullPointerException
	at repast.simphony.visualizationOGL2D.DisplayOGL2D.getSpatialForObject(DisplayOGL2D.java:535)
	at repast.simphony.visualizationOGL2D.NetworkLayerOGL2D.update(NetworkLayerOGL2D.java:104)
	at repast.simphony.visualizationOGL2D.DisplayOGL2D.update(DisplayOGL2D.java:410)
	at repast.simphony.visualization.engine.DisplayComponentControllerAction$DisplayUpdater.execute(DisplayComponentControllerAction.java:48)
	at repast.simphony.engine.schedule.DefaultAction.execute(DefaultAction.java:38)
	at repast.simphony.engine.schedule.ScheduleGroup.executeList(ScheduleGroup.java:205)
	at repast.simphony.engine.schedule.ScheduleGroup.execute(ScheduleGroup.java:238)
	at repast.simphony.engine.schedule.Schedule.execute(Schedule.java:352)
	at repast.simphony.ui.GUIScheduleRunner$ScheduleLoopRunnable.run(GUIScheduleRunner.java:52)
	at java.lang.Thread.run(Thread.java:748)
FATAL [Thread-17] 2020-06-10 16:20:32,775 repast.simphony.ui.GUIScheduleRunner - RunTimeException when running the schedule
Current tick (2244.0)
java.lang.NullPointerException
	at repast.simphony.visualizationOGL2D.DisplayOGL2D.getSpatialForObject(DisplayOGL2D.java:535)
	at repast.simphony.visualizationOGL2D.NetworkLayerOGL2D.update(NetworkLayerOGL2D.java:104)
	at repast.simphony.visualizationOGL2D.DisplayOGL2D.update(DisplayOGL2D.java:410)
	at repast.simphony.visualization.engine.DisplayComponentControllerAction$DisplayUpdater.execute(DisplayComponentControllerAction.java:48)
	at repast.simphony.engine.schedule.DefaultAction.execute(DefaultAction.java:38)
	at repast.simphony.engine.schedule.ScheduleGroup.executeList(ScheduleGroup.java:205)
	at repast.simphony.engine.schedule.ScheduleGroup.execute(ScheduleGroup.java:238)
	at repast.simphony.engine.schedule.Schedule.execute(Schedule.java:352)
	at repast.simphony.ui.GUIScheduleRunner$ScheduleLoopRunnable.run(GUIScheduleRunner.java:52)
	at java.lang.Thread.run(Thread.java:748)
ERROR [AWT-EventQueue-0] 2020-06-17 11:12:07,476 repast.simphony.ui.RSApplication - Error while initializing simulation
java.lang.IndexOutOfBoundsException: Index: 4, Size: 4
	at java.util.ArrayList.rangeCheck(ArrayList.java:657)
	at java.util.ArrayList.get(ArrayList.java:433)
	at pipeline.PipelineBuilder.build(PipelineBuilder.java:85)
	at repast.simphony.dataLoader.engine.ClassNameContextBuilder.build(ClassNameContextBuilder.java:41)
	at repast.simphony.dataLoader.engine.DataLoaderControllerAction.runInitialize(DataLoaderControllerAction.java:48)
	at repast.simphony.engine.controller.DefaultController$2.visit(DefaultController.java:214)
	at repast.simphony.engine.controller.DefaultController$2.visit(DefaultController.java:1)
	at repast.simphony.util.collections.NaryTree.preOrderTraverals(NaryTree.java:292)
	at repast.simphony.util.collections.NaryTree.preOrderTraverals(NaryTree.java:295)
	at repast.simphony.util.collections.NaryTree.preOrderTraverals(NaryTree.java:295)
	at repast.simphony.util.collections.NaryTree.preOrderTraversal(NaryTree.java:288)
	at repast.simphony.engine.controller.DefaultController.runInitialize(DefaultController.java:212)
	at repast.simphony.engine.controller.DefaultController.runInitialize(DefaultController.java:383)
	at repast.simphony.ui.RSApplication.initSim(RSApplication.java:157)
	at repast.simphony.ui.RSApplication.step(RSApplication.java:209)
	at repast.simphony.ui.action.StepRun.actionPerformed(StepRun.java:17)
	at javax.swing.AbstractButton.fireActionPerformed(AbstractButton.java:2022)
	at javax.swing.AbstractButton$Handler.actionPerformed(AbstractButton.java:2348)
	at javax.swing.DefaultButtonModel.fireActionPerformed(DefaultButtonModel.java:402)
	at javax.swing.DefaultButtonModel.setPressed(DefaultButtonModel.java:259)
	at javax.swing.plaf.basic.BasicButtonListener.mouseReleased(BasicButtonListener.java:252)
	at java.awt.AWTEventMulticaster.mouseReleased(AWTEventMulticaster.java:289)
	at java.awt.Component.processMouseEvent(Component.java:6539)
	at javax.swing.JComponent.processMouseEvent(JComponent.java:3324)
	at java.awt.Component.processEvent(Component.java:6304)
	at java.awt.Container.processEvent(Container.java:2239)
	at java.awt.Component.dispatchEventImpl(Component.java:4889)
	at java.awt.Container.dispatchEventImpl(Container.java:2297)
	at java.awt.Component.dispatchEvent(Component.java:4711)
	at java.awt.LightweightDispatcher.retargetMouseEvent(Container.java:4904)
	at java.awt.LightweightDispatcher.processMouseEvent(Container.java:4535)
	at java.awt.LightweightDispatcher.dispatchEvent(Container.java:4476)
	at java.awt.Container.dispatchEventImpl(Container.java:2283)
	at java.awt.Window.dispatchEventImpl(Window.java:2746)
	at java.awt.Component.dispatchEvent(Component.java:4711)
	at java.awt.EventQueue.dispatchEventImpl(EventQueue.java:760)
	at java.awt.EventQueue.access$500(EventQueue.java:97)
	at java.awt.EventQueue$3.run(EventQueue.java:709)
	at java.awt.EventQueue$3.run(EventQueue.java:703)
	at java.security.AccessController.doPrivileged(Native Method)
	at java.security.ProtectionDomain$JavaSecurityAccessImpl.doIntersectionPrivilege(ProtectionDomain.java:74)
	at java.security.ProtectionDomain$JavaSecurityAccessImpl.doIntersectionPrivilege(ProtectionDomain.java:84)
	at java.awt.EventQueue$4.run(EventQueue.java:733)
	at java.awt.EventQueue$4.run(EventQueue.java:731)
	at java.security.AccessController.doPrivileged(Native Method)
	at java.security.ProtectionDomain$JavaSecurityAccessImpl.doIntersectionPrivilege(ProtectionDomain.java:74)
	at java.awt.EventQueue.dispatchEvent(EventQueue.java:730)
	at java.awt.EventDispatchThread.pumpOneEventForFilters(EventDispatchThread.java:205)
	at java.awt.EventDispatchThread.pumpEventsForFilter(EventDispatchThread.java:116)
	at java.awt.EventDispatchThread.pumpEventsForHierarchy(EventDispatchThread.java:105)
	at java.awt.EventDispatchThread.pumpEvents(EventDispatchThread.java:101)
	at java.awt.EventDispatchThread.pumpEvents(EventDispatchThread.java:93)
	at java.awt.EventDispatchThread.run(EventDispatchThread.java:82)
ERROR [AWT-EventQueue-0] 2020-06-17 11:12:22,638 repast.simphony.ui.RSApplication - Error while initializing simulation
java.lang.IndexOutOfBoundsException: Index: 4, Size: 4
	at java.util.ArrayList.rangeCheck(ArrayList.java:657)
	at java.util.ArrayList.get(ArrayList.java:433)
	at pipeline.PipelineBuilder.build(PipelineBuilder.java:85)
	at repast.simphony.dataLoader.engine.ClassNameContextBuilder.build(ClassNameContextBuilder.java:41)
	at repast.simphony.dataLoader.engine.DataLoaderControllerAction.runInitialize(DataLoaderControllerAction.java:48)
	at repast.simphony.engine.controller.DefaultController$2.visit(DefaultController.java:214)
	at repast.simphony.engine.controller.DefaultController$2.visit(DefaultController.java:1)
	at repast.simphony.util.collections.NaryTree.preOrderTraverals(NaryTree.java:292)
	at repast.simphony.util.collections.NaryTree.preOrderTraverals(NaryTree.java:295)
	at repast.simphony.util.collections.NaryTree.preOrderTraverals(NaryTree.java:295)
	at repast.simphony.util.collections.NaryTree.preOrderTraversal(NaryTree.java:288)
	at repast.simphony.engine.controller.DefaultController.runInitialize(DefaultController.java:212)
	at repast.simphony.engine.controller.DefaultController.runInitialize(DefaultController.java:383)
	at repast.simphony.ui.RSApplication.initSim(RSApplication.java:157)
	at repast.simphony.ui.RSApplication.step(RSApplication.java:209)
	at repast.simphony.ui.action.StepRun.actionPerformed(StepRun.java:17)
	at javax.swing.AbstractButton.fireActionPerformed(AbstractButton.java:2022)
	at javax.swing.AbstractButton$Handler.actionPerformed(AbstractButton.java:2348)
	at javax.swing.DefaultButtonModel.fireActionPerformed(DefaultButtonModel.java:402)
	at javax.swing.DefaultButtonModel.setPressed(DefaultButtonModel.java:259)
	at javax.swing.plaf.basic.BasicButtonListener.mouseReleased(BasicButtonListener.java:252)
	at java.awt.AWTEventMulticaster.mouseReleased(AWTEventMulticaster.java:289)
	at java.awt.Component.processMouseEvent(Component.java:6539)
	at javax.swing.JComponent.processMouseEvent(JComponent.java:3324)
	at java.awt.Component.processEvent(Component.java:6304)
	at java.awt.Container.processEvent(Container.java:2239)
	at java.awt.Component.dispatchEventImpl(Component.java:4889)
	at java.awt.Container.dispatchEventImpl(Container.java:2297)
	at java.awt.Component.dispatchEvent(Component.java:4711)
	at java.awt.LightweightDispatcher.retargetMouseEvent(Container.java:4904)
	at java.awt.LightweightDispatcher.processMouseEvent(Container.java:4535)
	at java.awt.LightweightDispatcher.dispatchEvent(Container.java:4476)
	at java.awt.Container.dispatchEventImpl(Container.java:2283)
	at java.awt.Window.dispatchEventImpl(Window.java:2746)
	at java.awt.Component.dispatchEvent(Component.java:4711)
	at java.awt.EventQueue.dispatchEventImpl(EventQueue.java:760)
	at java.awt.EventQueue.access$500(EventQueue.java:97)
	at java.awt.EventQueue$3.run(EventQueue.java:709)
	at java.awt.EventQueue$3.run(EventQueue.java:703)
	at java.security.AccessController.doPrivileged(Native Method)
	at java.security.ProtectionDomain$JavaSecurityAccessImpl.doIntersectionPrivilege(ProtectionDomain.java:74)
	at java.security.ProtectionDomain$JavaSecurityAccessImpl.doIntersectionPrivilege(ProtectionDomain.java:84)
	at java.awt.EventQueue$4.run(EventQueue.java:733)
	at java.awt.EventQueue$4.run(EventQueue.java:731)
	at java.security.AccessController.doPrivileged(Native Method)
	at java.security.ProtectionDomain$JavaSecurityAccessImpl.doIntersectionPrivilege(ProtectionDomain.java:74)
	at java.awt.EventQueue.dispatchEvent(EventQueue.java:730)
	at java.awt.EventDispatchThread.pumpOneEventForFilters(EventDispatchThread.java:205)
	at java.awt.EventDispatchThread.pumpEventsForFilter(EventDispatchThread.java:116)
	at java.awt.EventDispatchThread.pumpEventsForHierarchy(EventDispatchThread.java:105)
	at java.awt.EventDispatchThread.pumpEvents(EventDispatchThread.java:101)
	at java.awt.EventDispatchThread.pumpEvents(EventDispatchThread.java:93)
	at java.awt.EventDispatchThread.run(EventDispatchThread.java:82)
ERROR [AWT-EventQueue-0] 2020-06-17 11:12:24,478 repast.simphony.ui.RSApplication - Error while initializing simulation
java.lang.IndexOutOfBoundsException: Index: 4, Size: 4
	at java.util.ArrayList.rangeCheck(ArrayList.java:657)
	at java.util.ArrayList.get(ArrayList.java:433)
	at pipeline.PipelineBuilder.build(PipelineBuilder.java:85)
	at repast.simphony.dataLoader.engine.ClassNameContextBuilder.build(ClassNameContextBuilder.java:41)
	at repast.simphony.dataLoader.engine.DataLoaderControllerAction.runInitialize(DataLoaderControllerAction.java:48)
	at repast.simphony.engine.controller.DefaultController$2.visit(DefaultController.java:214)
	at repast.simphony.engine.controller.DefaultController$2.visit(DefaultController.java:1)
	at repast.simphony.util.collections.NaryTree.preOrderTraverals(NaryTree.java:292)
	at repast.simphony.util.collections.NaryTree.preOrderTraverals(NaryTree.java:295)
	at repast.simphony.util.collections.NaryTree.preOrderTraverals(NaryTree.java:295)
	at repast.simphony.util.collections.NaryTree.preOrderTraversal(NaryTree.java:288)
	at repast.simphony.engine.controller.DefaultController.runInitialize(DefaultController.java:212)
	at repast.simphony.engine.controller.DefaultController.runInitialize(DefaultController.java:383)
	at repast.simphony.ui.RSApplication.initSim(RSApplication.java:157)
	at repast.simphony.ui.RSApplication.start(RSApplication.java:189)
	at repast.simphony.ui.action.StartRun.actionPerformed(StartRun.java:17)
	at javax.swing.AbstractButton.fireActionPerformed(AbstractButton.java:2022)
	at javax.swing.AbstractButton$Handler.actionPerformed(AbstractButton.java:2348)
	at javax.swing.DefaultButtonModel.fireActionPerformed(DefaultButtonModel.java:402)
	at javax.swing.DefaultButtonModel.setPressed(DefaultButtonModel.java:259)
	at javax.swing.plaf.basic.BasicButtonListener.mouseReleased(BasicButtonListener.java:252)
	at java.awt.AWTEventMulticaster.mouseReleased(AWTEventMulticaster.java:289)
	at java.awt.Component.processMouseEvent(Component.java:6539)
	at javax.swing.JComponent.processMouseEvent(JComponent.java:3324)
	at java.awt.Component.processEvent(Component.java:6304)
	at java.awt.Container.processEvent(Container.java:2239)
	at java.awt.Component.dispatchEventImpl(Component.java:4889)
	at java.awt.Container.dispatchEventImpl(Container.java:2297)
	at java.awt.Component.dispatchEvent(Component.java:4711)
	at java.awt.LightweightDispatcher.retargetMouseEvent(Container.java:4904)
	at java.awt.LightweightDispatcher.processMouseEvent(Container.java:4535)
	at java.awt.LightweightDispatcher.dispatchEvent(Container.java:4476)
	at java.awt.Container.dispatchEventImpl(Container.java:2283)
	at java.awt.Window.dispatchEventImpl(Window.java:2746)
	at java.awt.Component.dispatchEvent(Component.java:4711)
	at java.awt.EventQueue.dispatchEventImpl(EventQueue.java:760)
	at java.awt.EventQueue.access$500(EventQueue.java:97)
	at java.awt.EventQueue$3.run(EventQueue.java:709)
	at java.awt.EventQueue$3.run(EventQueue.java:703)
	at java.security.AccessController.doPrivileged(Native Method)
	at java.security.ProtectionDomain$JavaSecurityAccessImpl.doIntersectionPrivilege(ProtectionDomain.java:74)
	at java.security.ProtectionDomain$JavaSecurityAccessImpl.doIntersectionPrivilege(ProtectionDomain.java:84)
	at java.awt.EventQueue$4.run(EventQueue.java:733)
	at java.awt.EventQueue$4.run(EventQueue.java:731)
	at java.security.AccessController.doPrivileged(Native Method)
	at java.security.ProtectionDomain$JavaSecurityAccessImpl.doIntersectionPrivilege(ProtectionDomain.java:74)
	at java.awt.EventQueue.dispatchEvent(EventQueue.java:730)
	at java.awt.EventDispatchThread.pumpOneEventForFilters(EventDispatchThread.java:205)
	at java.awt.EventDispatchThread.pumpEventsForFilter(EventDispatchThread.java:116)
	at java.awt.EventDispatchThread.pumpEventsForHierarchy(EventDispatchThread.java:105)
	at java.awt.EventDispatchThread.pumpEvents(EventDispatchThread.java:101)
	at java.awt.EventDispatchThread.pumpEvents(EventDispatchThread.java:93)
	at java.awt.EventDispatchThread.run(EventDispatchThread.java:82)
ERROR [AWT-EventQueue-0] 2020-06-17 11:13:00,948 repast.simphony.ui.RSApplication - Error while initializing simulation
java.lang.IndexOutOfBoundsException: Index: 4, Size: 4
	at java.util.ArrayList.rangeCheck(ArrayList.java:657)
	at java.util.ArrayList.get(ArrayList.java:433)
	at pipeline.PipelineBuilder.build(PipelineBuilder.java:85)
	at repast.simphony.dataLoader.engine.ClassNameContextBuilder.build(ClassNameContextBuilder.java:41)
	at repast.simphony.dataLoader.engine.DataLoaderControllerAction.runInitialize(DataLoaderControllerAction.java:48)
	at repast.simphony.engine.controller.DefaultController$2.visit(DefaultController.java:214)
	at repast.simphony.engine.controller.DefaultController$2.visit(DefaultController.java:1)
	at repast.simphony.util.collections.NaryTree.preOrderTraverals(NaryTree.java:292)
	at repast.simphony.util.collections.NaryTree.preOrderTraverals(NaryTree.java:295)
	at repast.simphony.util.collections.NaryTree.preOrderTraverals(NaryTree.java:295)
	at repast.simphony.util.collections.NaryTree.preOrderTraversal(NaryTree.java:288)
	at repast.simphony.engine.controller.DefaultController.runInitialize(DefaultController.java:212)
	at repast.simphony.engine.controller.DefaultController.runInitialize(DefaultController.java:383)
	at repast.simphony.ui.RSApplication.initSim(RSApplication.java:157)
	at repast.simphony.ui.RSApplication.step(RSApplication.java:209)
	at repast.simphony.ui.action.StepRun.actionPerformed(StepRun.java:17)
	at javax.swing.AbstractButton.fireActionPerformed(AbstractButton.java:2022)
	at javax.swing.AbstractButton$Handler.actionPerformed(AbstractButton.java:2348)
	at javax.swing.DefaultButtonModel.fireActionPerformed(DefaultButtonModel.java:402)
	at javax.swing.DefaultButtonModel.setPressed(DefaultButtonModel.java:259)
	at javax.swing.plaf.basic.BasicButtonListener.mouseReleased(BasicButtonListener.java:252)
	at java.awt.AWTEventMulticaster.mouseReleased(AWTEventMulticaster.java:289)
	at java.awt.Component.processMouseEvent(Component.java:6539)
	at javax.swing.JComponent.processMouseEvent(JComponent.java:3324)
	at java.awt.Component.processEvent(Component.java:6304)
	at java.awt.Container.processEvent(Container.java:2239)
	at java.awt.Component.dispatchEventImpl(Component.java:4889)
	at java.awt.Container.dispatchEventImpl(Container.java:2297)
	at java.awt.Component.dispatchEvent(Component.java:4711)
	at java.awt.LightweightDispatcher.retargetMouseEvent(Container.java:4904)
	at java.awt.LightweightDispatcher.processMouseEvent(Container.java:4535)
	at java.awt.LightweightDispatcher.dispatchEvent(Container.java:4476)
	at java.awt.Container.dispatchEventImpl(Container.java:2283)
	at java.awt.Window.dispatchEventImpl(Window.java:2746)
	at java.awt.Component.dispatchEvent(Component.java:4711)
	at java.awt.EventQueue.dispatchEventImpl(EventQueue.java:760)
	at java.awt.EventQueue.access$500(EventQueue.java:97)
	at java.awt.EventQueue$3.run(EventQueue.java:709)
	at java.awt.EventQueue$3.run(EventQueue.java:703)
	at java.security.AccessController.doPrivileged(Native Method)
	at java.security.ProtectionDomain$JavaSecurityAccessImpl.doIntersectionPrivilege(ProtectionDomain.java:74)
	at java.security.ProtectionDomain$JavaSecurityAccessImpl.doIntersectionPrivilege(ProtectionDomain.java:84)
	at java.awt.EventQueue$4.run(EventQueue.java:733)
	at java.awt.EventQueue$4.run(EventQueue.java:731)
	at java.security.AccessController.doPrivileged(Native Method)
	at java.security.ProtectionDomain$JavaSecurityAccessImpl.doIntersectionPrivilege(ProtectionDomain.java:74)
	at java.awt.EventQueue.dispatchEvent(EventQueue.java:730)
	at java.awt.EventDispatchThread.pumpOneEventForFilters(EventDispatchThread.java:205)
	at java.awt.EventDispatchThread.pumpEventsForFilter(EventDispatchThread.java:116)
	at java.awt.EventDispatchThread.pumpEventsForHierarchy(EventDispatchThread.java:105)
	at java.awt.EventDispatchThread.pumpEvents(EventDispatchThread.java:101)
	at java.awt.EventDispatchThread.pumpEvents(EventDispatchThread.java:93)
	at java.awt.EventDispatchThread.run(EventDispatchThread.java:82)
FATAL [Thread-16] 2020-06-17 11:25:34,429 repast.simphony.ui.GUIScheduleRunner - RunTimeException when running the schedule
Current tick (5.0)
java.lang.NullPointerException
	at repast.simphony.visualizationOGL2D.DisplayOGL2D.getSpatialForObject(DisplayOGL2D.java:535)
	at repast.simphony.visualizationOGL2D.NetworkLayerOGL2D.update(NetworkLayerOGL2D.java:104)
	at repast.simphony.visualizationOGL2D.DisplayOGL2D.update(DisplayOGL2D.java:410)
	at repast.simphony.visualization.engine.DisplayComponentControllerAction$DisplayUpdater.execute(DisplayComponentControllerAction.java:48)
	at repast.simphony.engine.schedule.DefaultAction.execute(DefaultAction.java:38)
	at repast.simphony.engine.schedule.ScheduleGroup.executeList(ScheduleGroup.java:205)
	at repast.simphony.engine.schedule.ScheduleGroup.execute(ScheduleGroup.java:238)
	at repast.simphony.engine.schedule.Schedule.execute(Schedule.java:352)
	at repast.simphony.ui.GUIScheduleRunner$ScheduleLoopRunnable.run(GUIScheduleRunner.java:52)
	at java.lang.Thread.run(Thread.java:748)
FATAL [Thread-19] 2020-06-17 11:26:32,360 repast.simphony.ui.GUIScheduleRunner - RunTimeException when running the schedule
Current tick (7.0)
java.lang.NullPointerException
	at repast.simphony.visualizationOGL2D.DisplayOGL2D.getSpatialForObject(DisplayOGL2D.java:535)
	at repast.simphony.visualizationOGL2D.NetworkLayerOGL2D.update(NetworkLayerOGL2D.java:104)
	at repast.simphony.visualizationOGL2D.DisplayOGL2D.update(DisplayOGL2D.java:410)
	at repast.simphony.visualization.engine.DisplayComponentControllerAction$DisplayUpdater.execute(DisplayComponentControllerAction.java:48)
	at repast.simphony.engine.schedule.DefaultAction.execute(DefaultAction.java:38)
	at repast.simphony.engine.schedule.ScheduleGroup.executeList(ScheduleGroup.java:205)
	at repast.simphony.engine.schedule.ScheduleGroup.execute(ScheduleGroup.java:238)
	at repast.simphony.engine.schedule.Schedule.execute(Schedule.java:352)
	at repast.simphony.ui.GUIScheduleRunner$ScheduleLoopRunnable.run(GUIScheduleRunner.java:52)
	at java.lang.Thread.run(Thread.java:748)
FATAL [Thread-8] 2020-06-17 11:41:25,111 repast.simphony.ui.GUIScheduleRunner - RunTimeException when running the schedule
Current tick (5.0)
java.lang.NullPointerException
	at repast.simphony.visualizationOGL2D.DisplayOGL2D.getSpatialForObject(DisplayOGL2D.java:535)
	at repast.simphony.visualizationOGL2D.NetworkLayerOGL2D.update(NetworkLayerOGL2D.java:103)
	at repast.simphony.visualizationOGL2D.DisplayOGL2D.update(DisplayOGL2D.java:410)
	at repast.simphony.visualization.engine.DisplayComponentControllerAction$DisplayUpdater.execute(DisplayComponentControllerAction.java:48)
	at repast.simphony.engine.schedule.DefaultAction.execute(DefaultAction.java:38)
	at repast.simphony.engine.schedule.ScheduleGroup.executeList(ScheduleGroup.java:205)
	at repast.simphony.engine.schedule.ScheduleGroup.execute(ScheduleGroup.java:238)
	at repast.simphony.engine.schedule.Schedule.execute(Schedule.java:352)
	at repast.simphony.ui.GUIScheduleRunner$ScheduleLoopRunnable.run(GUIScheduleRunner.java:52)
	at java.lang.Thread.run(Thread.java:748)
ERROR [AWT-EventQueue-0] 2020-06-17 12:04:24,130 repast.simphony.ui.RSApplication - Error while initializing simulation
java.lang.IndexOutOfBoundsException: Index: 0, Size: 0
	at java.util.ArrayList.rangeCheck(ArrayList.java:657)
	at java.util.ArrayList.get(ArrayList.java:433)
	at pipeline.PipelineBuilder.build(PipelineBuilder.java:85)
	at repast.simphony.dataLoader.engine.ClassNameContextBuilder.build(ClassNameContextBuilder.java:41)
	at repast.simphony.dataLoader.engine.DataLoaderControllerAction.runInitialize(DataLoaderControllerAction.java:48)
	at repast.simphony.engine.controller.DefaultController$2.visit(DefaultController.java:214)
	at repast.simphony.engine.controller.DefaultController$2.visit(DefaultController.java:1)
	at repast.simphony.util.collections.NaryTree.preOrderTraverals(NaryTree.java:292)
	at repast.simphony.util.collections.NaryTree.preOrderTraverals(NaryTree.java:295)
	at repast.simphony.util.collections.NaryTree.preOrderTraverals(NaryTree.java:295)
	at repast.simphony.util.collections.NaryTree.preOrderTraversal(NaryTree.java:288)
	at repast.simphony.engine.controller.DefaultController.runInitialize(DefaultController.java:212)
	at repast.simphony.engine.controller.DefaultController.runInitialize(DefaultController.java:383)
	at repast.simphony.ui.RSApplication.initSim(RSApplication.java:157)
	at repast.simphony.ui.RSApplication.step(RSApplication.java:209)
	at repast.simphony.ui.action.StepRun.actionPerformed(StepRun.java:17)
	at javax.swing.AbstractButton.fireActionPerformed(AbstractButton.java:2022)
	at javax.swing.AbstractButton$Handler.actionPerformed(AbstractButton.java:2348)
	at javax.swing.DefaultButtonModel.fireActionPerformed(DefaultButtonModel.java:402)
	at javax.swing.DefaultButtonModel.setPressed(DefaultButtonModel.java:259)
	at javax.swing.plaf.basic.BasicButtonListener.mouseReleased(BasicButtonListener.java:252)
	at java.awt.AWTEventMulticaster.mouseReleased(AWTEventMulticaster.java:289)
	at java.awt.Component.processMouseEvent(Component.java:6539)
	at javax.swing.JComponent.processMouseEvent(JComponent.java:3324)
	at java.awt.Component.processEvent(Component.java:6304)
	at java.awt.Container.processEvent(Container.java:2239)
	at java.awt.Component.dispatchEventImpl(Component.java:4889)
	at java.awt.Container.dispatchEventImpl(Container.java:2297)
	at java.awt.Component.dispatchEvent(Component.java:4711)
	at java.awt.LightweightDispatcher.retargetMouseEvent(Container.java:4904)
	at java.awt.LightweightDispatcher.processMouseEvent(Container.java:4535)
	at java.awt.LightweightDispatcher.dispatchEvent(Container.java:4476)
	at java.awt.Container.dispatchEventImpl(Container.java:2283)
	at java.awt.Window.dispatchEventImpl(Window.java:2746)
	at java.awt.Component.dispatchEvent(Component.java:4711)
	at java.awt.EventQueue.dispatchEventImpl(EventQueue.java:760)
	at java.awt.EventQueue.access$500(EventQueue.java:97)
	at java.awt.EventQueue$3.run(EventQueue.java:709)
	at java.awt.EventQueue$3.run(EventQueue.java:703)
	at java.security.AccessController.doPrivileged(Native Method)
	at java.security.ProtectionDomain$JavaSecurityAccessImpl.doIntersectionPrivilege(ProtectionDomain.java:74)
	at java.security.ProtectionDomain$JavaSecurityAccessImpl.doIntersectionPrivilege(ProtectionDomain.java:84)
	at java.awt.EventQueue$4.run(EventQueue.java:733)
	at java.awt.EventQueue$4.run(EventQueue.java:731)
	at java.security.AccessController.doPrivileged(Native Method)
	at java.security.ProtectionDomain$JavaSecurityAccessImpl.doIntersectionPrivilege(ProtectionDomain.java:74)
	at java.awt.EventQueue.dispatchEvent(EventQueue.java:730)
	at java.awt.EventDispatchThread.pumpOneEventForFilters(EventDispatchThread.java:205)
	at java.awt.EventDispatchThread.pumpEventsForFilter(EventDispatchThread.java:116)
	at java.awt.EventDispatchThread.pumpEventsForHierarchy(EventDispatchThread.java:105)
	at java.awt.EventDispatchThread.pumpEvents(EventDispatchThread.java:101)
	at java.awt.EventDispatchThread.pumpEvents(EventDispatchThread.java:93)
	at java.awt.EventDispatchThread.run(EventDispatchThread.java:82)
FATAL [Thread-6] 2020-06-17 14:22:56,365 repast.simphony.ui.GUIScheduleRunner - RunTimeException when running the schedule
Current tick (1.0)
java.lang.RuntimeException: java.lang.reflect.InvocationTargetException
	at repast.simphony.engine.schedule.DynamicTargetAction.execute(DynamicTargetAction.java:72)
	at repast.simphony.engine.controller.ScheduledMethodControllerAction$ScheduleMethodAllAction.execute(ScheduledMethodControllerAction.java:333)
	at repast.simphony.engine.schedule.DefaultAction.execute(DefaultAction.java:38)
	at repast.simphony.engine.schedule.ScheduleGroup.executeList(ScheduleGroup.java:205)
	at repast.simphony.engine.schedule.ScheduleGroup.execute(ScheduleGroup.java:231)
	at repast.simphony.engine.schedule.Schedule.execute(Schedule.java:352)
	at repast.simphony.ui.GUIScheduleRunner$ScheduleLoopRunnable.run(GUIScheduleRunner.java:52)
	at java.lang.Thread.run(Thread.java:748)
Caused by: java.lang.reflect.InvocationTargetException
	at pipeline.Job$$FastClassByCGLIB$$156e9651.invoke(<generated>)
	at net.sf.cglib.reflect.FastMethod.invoke(FastMethod.java:53)
	at repast.simphony.engine.schedule.DynamicTargetAction.execute(DynamicTargetAction.java:69)
	... 7 more
Caused by: java.lang.NullPointerException
	at pipeline.Job.changeState(Job.java:87)
	... 10 more
FATAL [Thread-6] 2020-06-17 14:25:03,030 repast.simphony.ui.GUIScheduleRunner - RunTimeException when running the schedule
Current tick (1.0)
java.lang.RuntimeException: java.lang.reflect.InvocationTargetException
	at repast.simphony.engine.schedule.DynamicTargetAction.execute(DynamicTargetAction.java:72)
	at repast.simphony.engine.controller.ScheduledMethodControllerAction$ScheduleMethodAllAction.execute(ScheduledMethodControllerAction.java:333)
	at repast.simphony.engine.schedule.DefaultAction.execute(DefaultAction.java:38)
	at repast.simphony.engine.schedule.ScheduleGroup.executeList(ScheduleGroup.java:205)
	at repast.simphony.engine.schedule.ScheduleGroup.execute(ScheduleGroup.java:231)
	at repast.simphony.engine.schedule.Schedule.execute(Schedule.java:352)
	at repast.simphony.ui.GUIScheduleRunner$ScheduleLoopRunnable.run(GUIScheduleRunner.java:52)
	at java.lang.Thread.run(Thread.java:748)
Caused by: java.lang.reflect.InvocationTargetException
	at pipeline.Job$$FastClassByCGLIB$$156e9651.invoke(<generated>)
	at net.sf.cglib.reflect.FastMethod.invoke(FastMethod.java:53)
	at repast.simphony.engine.schedule.DynamicTargetAction.execute(DynamicTargetAction.java:69)
	... 7 more
Caused by: java.lang.NullPointerException
	at pipeline.Job.changeState(Job.java:75)
	... 10 more
FATAL [Thread-6] 2020-06-17 14:25:36,345 repast.simphony.ui.GUIScheduleRunner - RunTimeException when running the schedule
Current tick (1.0)
java.lang.RuntimeException: java.lang.reflect.InvocationTargetException
	at repast.simphony.engine.schedule.DynamicTargetAction.execute(DynamicTargetAction.java:72)
	at repast.simphony.engine.controller.ScheduledMethodControllerAction$ScheduleMethodAllAction.execute(ScheduledMethodControllerAction.java:333)
	at repast.simphony.engine.schedule.DefaultAction.execute(DefaultAction.java:38)
	at repast.simphony.engine.schedule.ScheduleGroup.executeList(ScheduleGroup.java:205)
	at repast.simphony.engine.schedule.ScheduleGroup.execute(ScheduleGroup.java:231)
	at repast.simphony.engine.schedule.Schedule.execute(Schedule.java:352)
	at repast.simphony.ui.GUIScheduleRunner$ScheduleLoopRunnable.run(GUIScheduleRunner.java:52)
	at java.lang.Thread.run(Thread.java:748)
Caused by: java.lang.reflect.InvocationTargetException
	at pipeline.Job$$FastClassByCGLIB$$156e9651.invoke(<generated>)
	at net.sf.cglib.reflect.FastMethod.invoke(FastMethod.java:53)
	at repast.simphony.engine.schedule.DynamicTargetAction.execute(DynamicTargetAction.java:69)
	... 7 more
Caused by: java.lang.NullPointerException
	at pipeline.Job.changeState(Job.java:69)
	... 10 more
ERROR [AWT-EventQueue-0] 2020-06-17 17:19:55,856 repast.simphony.visualization.engine.DisplayComponentControllerAction - Error while creating displays
repast.simphony.visualization.engine.DisplayCreationException: Error while creating display.
	at repast.simphony.visualization.engine.DisplayCreatorOGL2D.createDisplay(DisplayCreatorOGL2D.java:102)
	at repast.simphony.visualization.engine.DisplayProducer.createDisplay(DisplayProducer.java:48)
	at repast.simphony.visualization.engine.DisplayComponentControllerAction.runInitialize(DisplayComponentControllerAction.java:116)
	at repast.simphony.engine.controller.DefaultController$2.visit(DefaultController.java:214)
	at repast.simphony.engine.controller.DefaultController$2.visit(DefaultController.java:1)
	at repast.simphony.util.collections.NaryTree.preOrderTraverals(NaryTree.java:292)
	at repast.simphony.util.collections.NaryTree.preOrderTraverals(NaryTree.java:295)
	at repast.simphony.util.collections.NaryTree.preOrderTraverals(NaryTree.java:295)
	at repast.simphony.util.collections.NaryTree.preOrderTraversal(NaryTree.java:288)
	at repast.simphony.engine.controller.DefaultController.runInitialize(DefaultController.java:212)
	at repast.simphony.engine.controller.DefaultController.runInitialize(DefaultController.java:383)
	at repast.simphony.ui.RSApplication.initSim(RSApplication.java:157)
	at repast.simphony.ui.RSApplication.step(RSApplication.java:209)
	at repast.simphony.ui.action.StepRun.actionPerformed(StepRun.java:17)
	at javax.swing.AbstractButton.fireActionPerformed(AbstractButton.java:2022)
	at javax.swing.AbstractButton$Handler.actionPerformed(AbstractButton.java:2348)
	at javax.swing.DefaultButtonModel.fireActionPerformed(DefaultButtonModel.java:402)
	at javax.swing.DefaultButtonModel.setPressed(DefaultButtonModel.java:259)
	at javax.swing.plaf.basic.BasicButtonListener.mouseReleased(BasicButtonListener.java:252)
	at java.awt.AWTEventMulticaster.mouseReleased(AWTEventMulticaster.java:289)
	at java.awt.Component.processMouseEvent(Component.java:6539)
	at javax.swing.JComponent.processMouseEvent(JComponent.java:3324)
	at java.awt.Component.processEvent(Component.java:6304)
	at java.awt.Container.processEvent(Container.java:2239)
	at java.awt.Component.dispatchEventImpl(Component.java:4889)
	at java.awt.Container.dispatchEventImpl(Container.java:2297)
	at java.awt.Component.dispatchEvent(Component.java:4711)
	at java.awt.LightweightDispatcher.retargetMouseEvent(Container.java:4904)
	at java.awt.LightweightDispatcher.processMouseEvent(Container.java:4535)
	at java.awt.LightweightDispatcher.dispatchEvent(Container.java:4476)
	at java.awt.Container.dispatchEventImpl(Container.java:2283)
	at java.awt.Window.dispatchEventImpl(Window.java:2746)
	at java.awt.Component.dispatchEvent(Component.java:4711)
	at java.awt.EventQueue.dispatchEventImpl(EventQueue.java:760)
	at java.awt.EventQueue.access$500(EventQueue.java:97)
	at java.awt.EventQueue$3.run(EventQueue.java:709)
	at java.awt.EventQueue$3.run(EventQueue.java:703)
	at java.security.AccessController.doPrivileged(Native Method)
	at java.security.ProtectionDomain$JavaSecurityAccessImpl.doIntersectionPrivilege(ProtectionDomain.java:74)
	at java.security.ProtectionDomain$JavaSecurityAccessImpl.doIntersectionPrivilege(ProtectionDomain.java:84)
	at java.awt.EventQueue$4.run(EventQueue.java:733)
	at java.awt.EventQueue$4.run(EventQueue.java:731)
	at java.security.AccessController.doPrivileged(Native Method)
	at java.security.ProtectionDomain$JavaSecurityAccessImpl.doIntersectionPrivilege(ProtectionDomain.java:74)
	at java.awt.EventQueue.dispatchEvent(EventQueue.java:730)
	at java.awt.EventDispatchThread.pumpOneEventForFilters(EventDispatchThread.java:205)
	at java.awt.EventDispatchThread.pumpEventsForFilter(EventDispatchThread.java:116)
	at java.awt.EventDispatchThread.pumpEventsForHierarchy(EventDispatchThread.java:105)
	at java.awt.EventDispatchThread.pumpEvents(EventDispatchThread.java:101)
	at java.awt.EventDispatchThread.pumpEvents(EventDispatchThread.java:93)
	at java.awt.EventDispatchThread.run(EventDispatchThread.java:82)
Caused by: java.lang.ClassNotFoundException: stages.Stage6_PROD
	at org.java.plugin.standard.StandardPluginClassLoader.loadClass(Unknown Source)
	at java.lang.ClassLoader.loadClass(ClassLoader.java:357)
	at java.lang.Class.forName0(Native Method)
	at java.lang.Class.forName(Class.java:348)
	at repast.simphony.visualization.engine.StyleRegistrar.registerStyles(StyleRegistrar.java:87)
	at repast.simphony.visualization.engine.StyleRegistrar.registerStyles(StyleRegistrar.java:34)
	at repast.simphony.visualization.engine.DisplayCreatorOGL2D.createDisplay(DisplayCreatorOGL2D.java:79)
	... 50 more
FATAL [Thread-15] 2020-06-17 17:19:55,919 repast.simphony.ui.GUIScheduleRunner - RunTimeException when running the schedule
Current tick (1.0)
java.lang.RuntimeException: java.lang.reflect.InvocationTargetException
	at repast.simphony.engine.schedule.DynamicTargetAction.execute(DynamicTargetAction.java:72)
	at repast.simphony.engine.controller.ScheduledMethodControllerAction$ScheduleMethodAllAction.execute(ScheduledMethodControllerAction.java:333)
	at repast.simphony.engine.schedule.DefaultAction.execute(DefaultAction.java:38)
	at repast.simphony.engine.schedule.ScheduleGroup.executeList(ScheduleGroup.java:205)
	at repast.simphony.engine.schedule.ScheduleGroup.execute(ScheduleGroup.java:231)
	at repast.simphony.engine.schedule.Schedule.execute(Schedule.java:352)
	at repast.simphony.ui.GUIScheduleRunner$ScheduleLoopRunnable.run(GUIScheduleRunner.java:52)
	at java.lang.Thread.run(Thread.java:748)
Caused by: java.lang.reflect.InvocationTargetException
	at pipeline.Job$$FastClassByCGLIB$$156e9651.invoke(<generated>)
	at net.sf.cglib.reflect.FastMethod.invoke(FastMethod.java:53)
	at repast.simphony.engine.schedule.DynamicTargetAction.execute(DynamicTargetAction.java:69)
	... 7 more
Caused by: java.lang.IndexOutOfBoundsException: Index: 5, Size: 5
	at java.util.ArrayList.rangeCheck(ArrayList.java:657)
	at java.util.ArrayList.get(ArrayList.java:433)
	at pipeline.Job.changeState(Job.java:40)
	... 10 more
ERROR [AWT-EventQueue-0] 2020-06-17 17:21:46,875 repast.simphony.visualization.engine.DisplayComponentControllerAction - Error while creating displays
repast.simphony.visualization.engine.DisplayCreationException: Error while creating display.
	at repast.simphony.visualization.engine.DisplayCreatorOGL2D.createDisplay(DisplayCreatorOGL2D.java:102)
	at repast.simphony.visualization.engine.DisplayProducer.createDisplay(DisplayProducer.java:48)
	at repast.simphony.visualization.engine.DisplayComponentControllerAction.runInitialize(DisplayComponentControllerAction.java:116)
	at repast.simphony.engine.controller.DefaultController$2.visit(DefaultController.java:214)
	at repast.simphony.engine.controller.DefaultController$2.visit(DefaultController.java:1)
	at repast.simphony.util.collections.NaryTree.preOrderTraverals(NaryTree.java:292)
	at repast.simphony.util.collections.NaryTree.preOrderTraverals(NaryTree.java:295)
	at repast.simphony.util.collections.NaryTree.preOrderTraverals(NaryTree.java:295)
	at repast.simphony.util.collections.NaryTree.preOrderTraversal(NaryTree.java:288)
	at repast.simphony.engine.controller.DefaultController.runInitialize(DefaultController.java:212)
	at repast.simphony.engine.controller.DefaultController.runInitialize(DefaultController.java:383)
	at repast.simphony.ui.RSApplication.initSim(RSApplication.java:157)
	at repast.simphony.ui.RSApplication.step(RSApplication.java:209)
	at repast.simphony.ui.action.StepRun.actionPerformed(StepRun.java:17)
	at javax.swing.AbstractButton.fireActionPerformed(AbstractButton.java:2022)
	at javax.swing.AbstractButton$Handler.actionPerformed(AbstractButton.java:2348)
	at javax.swing.DefaultButtonModel.fireActionPerformed(DefaultButtonModel.java:402)
	at javax.swing.DefaultButtonModel.setPressed(DefaultButtonModel.java:259)
	at javax.swing.plaf.basic.BasicButtonListener.mouseReleased(BasicButtonListener.java:252)
	at java.awt.AWTEventMulticaster.mouseReleased(AWTEventMulticaster.java:289)
	at java.awt.Component.processMouseEvent(Component.java:6539)
	at javax.swing.JComponent.processMouseEvent(JComponent.java:3324)
	at java.awt.Component.processEvent(Component.java:6304)
	at java.awt.Container.processEvent(Container.java:2239)
	at java.awt.Component.dispatchEventImpl(Component.java:4889)
	at java.awt.Container.dispatchEventImpl(Container.java:2297)
	at java.awt.Component.dispatchEvent(Component.java:4711)
	at java.awt.LightweightDispatcher.retargetMouseEvent(Container.java:4904)
	at java.awt.LightweightDispatcher.processMouseEvent(Container.java:4535)
	at java.awt.LightweightDispatcher.dispatchEvent(Container.java:4476)
	at java.awt.Container.dispatchEventImpl(Container.java:2283)
	at java.awt.Window.dispatchEventImpl(Window.java:2746)
	at java.awt.Component.dispatchEvent(Component.java:4711)
	at java.awt.EventQueue.dispatchEventImpl(EventQueue.java:760)
	at java.awt.EventQueue.access$500(EventQueue.java:97)
	at java.awt.EventQueue$3.run(EventQueue.java:709)
	at java.awt.EventQueue$3.run(EventQueue.java:703)
	at java.security.AccessController.doPrivileged(Native Method)
	at java.security.ProtectionDomain$JavaSecurityAccessImpl.doIntersectionPrivilege(ProtectionDomain.java:74)
	at java.security.ProtectionDomain$JavaSecurityAccessImpl.doIntersectionPrivilege(ProtectionDomain.java:84)
	at java.awt.EventQueue$4.run(EventQueue.java:733)
	at java.awt.EventQueue$4.run(EventQueue.java:731)
	at java.security.AccessController.doPrivileged(Native Method)
	at java.security.ProtectionDomain$JavaSecurityAccessImpl.doIntersectionPrivilege(ProtectionDomain.java:74)
	at java.awt.EventQueue.dispatchEvent(EventQueue.java:730)
	at java.awt.EventDispatchThread.pumpOneEventForFilters(EventDispatchThread.java:205)
	at java.awt.EventDispatchThread.pumpEventsForFilter(EventDispatchThread.java:116)
	at java.awt.EventDispatchThread.pumpEventsForHierarchy(EventDispatchThread.java:105)
	at java.awt.EventDispatchThread.pumpEvents(EventDispatchThread.java:101)
	at java.awt.EventDispatchThread.pumpEvents(EventDispatchThread.java:93)
	at java.awt.EventDispatchThread.run(EventDispatchThread.java:82)
Caused by: java.lang.ClassNotFoundException: stages.Stage6_PROD
	at org.java.plugin.standard.StandardPluginClassLoader.loadClass(Unknown Source)
	at java.lang.ClassLoader.loadClass(ClassLoader.java:357)
	at java.lang.Class.forName0(Native Method)
	at java.lang.Class.forName(Class.java:348)
	at repast.simphony.visualization.engine.StyleRegistrar.registerStyles(StyleRegistrar.java:87)
	at repast.simphony.visualization.engine.StyleRegistrar.registerStyles(StyleRegistrar.java:34)
	at repast.simphony.visualization.engine.DisplayCreatorOGL2D.createDisplay(DisplayCreatorOGL2D.java:79)
	... 50 more
ERROR [AWT-EventQueue-0] 2020-06-17 17:22:58,693 repast.simphony.visualization.engine.DisplayComponentControllerAction - Error while creating displays
repast.simphony.visualization.engine.DisplayCreationException: Error while creating display.
	at repast.simphony.visualization.engine.DisplayCreatorOGL2D.createDisplay(DisplayCreatorOGL2D.java:102)
	at repast.simphony.visualization.engine.DisplayProducer.createDisplay(DisplayProducer.java:48)
	at repast.simphony.visualization.engine.DisplayComponentControllerAction.runInitialize(DisplayComponentControllerAction.java:116)
	at repast.simphony.engine.controller.DefaultController$2.visit(DefaultController.java:214)
	at repast.simphony.engine.controller.DefaultController$2.visit(DefaultController.java:1)
	at repast.simphony.util.collections.NaryTree.preOrderTraverals(NaryTree.java:292)
	at repast.simphony.util.collections.NaryTree.preOrderTraverals(NaryTree.java:295)
	at repast.simphony.util.collections.NaryTree.preOrderTraverals(NaryTree.java:295)
	at repast.simphony.util.collections.NaryTree.preOrderTraversal(NaryTree.java:288)
	at repast.simphony.engine.controller.DefaultController.runInitialize(DefaultController.java:212)
	at repast.simphony.engine.controller.DefaultController.runInitialize(DefaultController.java:383)
	at repast.simphony.ui.RSApplication.initSim(RSApplication.java:157)
	at repast.simphony.ui.RSApplication.start(RSApplication.java:189)
	at repast.simphony.ui.action.StartRun.actionPerformed(StartRun.java:17)
	at javax.swing.AbstractButton.fireActionPerformed(AbstractButton.java:2022)
	at javax.swing.AbstractButton$Handler.actionPerformed(AbstractButton.java:2348)
	at javax.swing.DefaultButtonModel.fireActionPerformed(DefaultButtonModel.java:402)
	at javax.swing.DefaultButtonModel.setPressed(DefaultButtonModel.java:259)
	at javax.swing.plaf.basic.BasicButtonListener.mouseReleased(BasicButtonListener.java:252)
	at java.awt.AWTEventMulticaster.mouseReleased(AWTEventMulticaster.java:289)
	at java.awt.Component.processMouseEvent(Component.java:6539)
	at javax.swing.JComponent.processMouseEvent(JComponent.java:3324)
	at java.awt.Component.processEvent(Component.java:6304)
	at java.awt.Container.processEvent(Container.java:2239)
	at java.awt.Component.dispatchEventImpl(Component.java:4889)
	at java.awt.Container.dispatchEventImpl(Container.java:2297)
	at java.awt.Component.dispatchEvent(Component.java:4711)
	at java.awt.LightweightDispatcher.retargetMouseEvent(Container.java:4904)
	at java.awt.LightweightDispatcher.processMouseEvent(Container.java:4535)
	at java.awt.LightweightDispatcher.dispatchEvent(Container.java:4476)
	at java.awt.Container.dispatchEventImpl(Container.java:2283)
	at java.awt.Window.dispatchEventImpl(Window.java:2746)
	at java.awt.Component.dispatchEvent(Component.java:4711)
	at java.awt.EventQueue.dispatchEventImpl(EventQueue.java:760)
	at java.awt.EventQueue.access$500(EventQueue.java:97)
	at java.awt.EventQueue$3.run(EventQueue.java:709)
	at java.awt.EventQueue$3.run(EventQueue.java:703)
	at java.security.AccessController.doPrivileged(Native Method)
	at java.security.ProtectionDomain$JavaSecurityAccessImpl.doIntersectionPrivilege(ProtectionDomain.java:74)
	at java.security.ProtectionDomain$JavaSecurityAccessImpl.doIntersectionPrivilege(ProtectionDomain.java:84)
	at java.awt.EventQueue$4.run(EventQueue.java:733)
	at java.awt.EventQueue$4.run(EventQueue.java:731)
	at java.security.AccessController.doPrivileged(Native Method)
	at java.security.ProtectionDomain$JavaSecurityAccessImpl.doIntersectionPrivilege(ProtectionDomain.java:74)
	at java.awt.EventQueue.dispatchEvent(EventQueue.java:730)
	at java.awt.EventDispatchThread.pumpOneEventForFilters(EventDispatchThread.java:205)
	at java.awt.EventDispatchThread.pumpEventsForFilter(EventDispatchThread.java:116)
	at java.awt.EventDispatchThread.pumpEventsForHierarchy(EventDispatchThread.java:105)
	at java.awt.EventDispatchThread.pumpEvents(EventDispatchThread.java:101)
	at java.awt.EventDispatchThread.pumpEvents(EventDispatchThread.java:93)
	at java.awt.EventDispatchThread.run(EventDispatchThread.java:82)
Caused by: java.lang.ClassNotFoundException: stages.Stage6_PROD
	at org.java.plugin.standard.StandardPluginClassLoader.loadClass(Unknown Source)
	at java.lang.ClassLoader.loadClass(ClassLoader.java:357)
	at java.lang.Class.forName0(Native Method)
	at java.lang.Class.forName(Class.java:348)
	at repast.simphony.visualization.engine.StyleRegistrar.registerStyles(StyleRegistrar.java:87)
	at repast.simphony.visualization.engine.StyleRegistrar.registerStyles(StyleRegistrar.java:34)
	at repast.simphony.visualization.engine.DisplayCreatorOGL2D.createDisplay(DisplayCreatorOGL2D.java:79)
	... 50 more
ERROR [AWT-EventQueue-0] 2020-06-17 17:23:05,038 repast.simphony.visualization.engine.DisplayComponentControllerAction - Error while creating displays
repast.simphony.visualization.engine.DisplayCreationException: Error while creating display.
	at repast.simphony.visualization.engine.DisplayCreatorOGL2D.createDisplay(DisplayCreatorOGL2D.java:102)
	at repast.simphony.visualization.engine.DisplayProducer.createDisplay(DisplayProducer.java:48)
	at repast.simphony.visualization.engine.DisplayComponentControllerAction.runInitialize(DisplayComponentControllerAction.java:116)
	at repast.simphony.engine.controller.DefaultController$2.visit(DefaultController.java:214)
	at repast.simphony.engine.controller.DefaultController$2.visit(DefaultController.java:1)
	at repast.simphony.util.collections.NaryTree.preOrderTraverals(NaryTree.java:292)
	at repast.simphony.util.collections.NaryTree.preOrderTraverals(NaryTree.java:295)
	at repast.simphony.util.collections.NaryTree.preOrderTraverals(NaryTree.java:295)
	at repast.simphony.util.collections.NaryTree.preOrderTraversal(NaryTree.java:288)
	at repast.simphony.engine.controller.DefaultController.runInitialize(DefaultController.java:212)
	at repast.simphony.engine.controller.DefaultController.runInitialize(DefaultController.java:383)
	at repast.simphony.ui.RSApplication.initSim(RSApplication.java:157)
	at repast.simphony.ui.RSApplication.step(RSApplication.java:209)
	at repast.simphony.ui.action.StepRun.actionPerformed(StepRun.java:17)
	at javax.swing.AbstractButton.fireActionPerformed(AbstractButton.java:2022)
	at javax.swing.AbstractButton$Handler.actionPerformed(AbstractButton.java:2348)
	at javax.swing.DefaultButtonModel.fireActionPerformed(DefaultButtonModel.java:402)
	at javax.swing.DefaultButtonModel.setPressed(DefaultButtonModel.java:259)
	at javax.swing.plaf.basic.BasicButtonListener.mouseReleased(BasicButtonListener.java:252)
	at java.awt.AWTEventMulticaster.mouseReleased(AWTEventMulticaster.java:289)
	at java.awt.Component.processMouseEvent(Component.java:6539)
	at javax.swing.JComponent.processMouseEvent(JComponent.java:3324)
	at java.awt.Component.processEvent(Component.java:6304)
	at java.awt.Container.processEvent(Container.java:2239)
	at java.awt.Component.dispatchEventImpl(Component.java:4889)
	at java.awt.Container.dispatchEventImpl(Container.java:2297)
	at java.awt.Component.dispatchEvent(Component.java:4711)
	at java.awt.LightweightDispatcher.retargetMouseEvent(Container.java:4904)
	at java.awt.LightweightDispatcher.processMouseEvent(Container.java:4535)
	at java.awt.LightweightDispatcher.dispatchEvent(Container.java:4476)
	at java.awt.Container.dispatchEventImpl(Container.java:2283)
	at java.awt.Window.dispatchEventImpl(Window.java:2746)
	at java.awt.Component.dispatchEvent(Component.java:4711)
	at java.awt.EventQueue.dispatchEventImpl(EventQueue.java:760)
	at java.awt.EventQueue.access$500(EventQueue.java:97)
	at java.awt.EventQueue$3.run(EventQueue.java:709)
	at java.awt.EventQueue$3.run(EventQueue.java:703)
	at java.security.AccessController.doPrivileged(Native Method)
	at java.security.ProtectionDomain$JavaSecurityAccessImpl.doIntersectionPrivilege(ProtectionDomain.java:74)
	at java.security.ProtectionDomain$JavaSecurityAccessImpl.doIntersectionPrivilege(ProtectionDomain.java:84)
	at java.awt.EventQueue$4.run(EventQueue.java:733)
	at java.awt.EventQueue$4.run(EventQueue.java:731)
	at java.security.AccessController.doPrivileged(Native Method)
	at java.security.ProtectionDomain$JavaSecurityAccessImpl.doIntersectionPrivilege(ProtectionDomain.java:74)
	at java.awt.EventQueue.dispatchEvent(EventQueue.java:730)
	at java.awt.EventDispatchThread.pumpOneEventForFilters(EventDispatchThread.java:205)
	at java.awt.EventDispatchThread.pumpEventsForFilter(EventDispatchThread.java:116)
	at java.awt.EventDispatchThread.pumpEventsForHierarchy(EventDispatchThread.java:105)
	at java.awt.EventDispatchThread.pumpEvents(EventDispatchThread.java:101)
	at java.awt.EventDispatchThread.pumpEvents(EventDispatchThread.java:93)
	at java.awt.EventDispatchThread.run(EventDispatchThread.java:82)
Caused by: java.lang.ClassNotFoundException: stages.Stage6_PROD
	at org.java.plugin.standard.StandardPluginClassLoader.loadClass(Unknown Source)
	at java.lang.ClassLoader.loadClass(ClassLoader.java:357)
	at java.lang.Class.forName0(Native Method)
	at java.lang.Class.forName(Class.java:348)
	at repast.simphony.visualization.engine.StyleRegistrar.registerStyles(StyleRegistrar.java:87)
	at repast.simphony.visualization.engine.StyleRegistrar.registerStyles(StyleRegistrar.java:34)
	at repast.simphony.visualization.engine.DisplayCreatorOGL2D.createDisplay(DisplayCreatorOGL2D.java:79)
	... 50 more
ERROR [AWT-EventQueue-0] 2020-06-17 17:23:59,132 repast.simphony.visualization.engine.DisplayComponentControllerAction - Error while creating displays
repast.simphony.visualization.engine.DisplayCreationException: Error while creating display.
	at repast.simphony.visualization.engine.DisplayCreatorOGL2D.createDisplay(DisplayCreatorOGL2D.java:102)
	at repast.simphony.visualization.engine.DisplayProducer.createDisplay(DisplayProducer.java:48)
	at repast.simphony.visualization.engine.DisplayComponentControllerAction.runInitialize(DisplayComponentControllerAction.java:116)
	at repast.simphony.engine.controller.DefaultController$2.visit(DefaultController.java:214)
	at repast.simphony.engine.controller.DefaultController$2.visit(DefaultController.java:1)
	at repast.simphony.util.collections.NaryTree.preOrderTraverals(NaryTree.java:292)
	at repast.simphony.util.collections.NaryTree.preOrderTraverals(NaryTree.java:295)
	at repast.simphony.util.collections.NaryTree.preOrderTraverals(NaryTree.java:295)
	at repast.simphony.util.collections.NaryTree.preOrderTraversal(NaryTree.java:288)
	at repast.simphony.engine.controller.DefaultController.runInitialize(DefaultController.java:212)
	at repast.simphony.engine.controller.DefaultController.runInitialize(DefaultController.java:383)
	at repast.simphony.ui.RSApplication.initSim(RSApplication.java:157)
	at repast.simphony.ui.RSApplication.step(RSApplication.java:209)
	at repast.simphony.ui.action.StepRun.actionPerformed(StepRun.java:17)
	at javax.swing.AbstractButton.fireActionPerformed(AbstractButton.java:2022)
	at javax.swing.AbstractButton$Handler.actionPerformed(AbstractButton.java:2348)
	at javax.swing.DefaultButtonModel.fireActionPerformed(DefaultButtonModel.java:402)
	at javax.swing.DefaultButtonModel.setPressed(DefaultButtonModel.java:259)
	at javax.swing.plaf.basic.BasicButtonListener.mouseReleased(BasicButtonListener.java:252)
	at java.awt.AWTEventMulticaster.mouseReleased(AWTEventMulticaster.java:289)
	at java.awt.Component.processMouseEvent(Component.java:6539)
	at javax.swing.JComponent.processMouseEvent(JComponent.java:3324)
	at java.awt.Component.processEvent(Component.java:6304)
	at java.awt.Container.processEvent(Container.java:2239)
	at java.awt.Component.dispatchEventImpl(Component.java:4889)
	at java.awt.Container.dispatchEventImpl(Container.java:2297)
	at java.awt.Component.dispatchEvent(Component.java:4711)
	at java.awt.LightweightDispatcher.retargetMouseEvent(Container.java:4904)
	at java.awt.LightweightDispatcher.processMouseEvent(Container.java:4535)
	at java.awt.LightweightDispatcher.dispatchEvent(Container.java:4476)
	at java.awt.Container.dispatchEventImpl(Container.java:2283)
	at java.awt.Window.dispatchEventImpl(Window.java:2746)
	at java.awt.Component.dispatchEvent(Component.java:4711)
	at java.awt.EventQueue.dispatchEventImpl(EventQueue.java:760)
	at java.awt.EventQueue.access$500(EventQueue.java:97)
	at java.awt.EventQueue$3.run(EventQueue.java:709)
	at java.awt.EventQueue$3.run(EventQueue.java:703)
	at java.security.AccessController.doPrivileged(Native Method)
	at java.security.ProtectionDomain$JavaSecurityAccessImpl.doIntersectionPrivilege(ProtectionDomain.java:74)
	at java.security.ProtectionDomain$JavaSecurityAccessImpl.doIntersectionPrivilege(ProtectionDomain.java:84)
	at java.awt.EventQueue$4.run(EventQueue.java:733)
	at java.awt.EventQueue$4.run(EventQueue.java:731)
	at java.security.AccessController.doPrivileged(Native Method)
	at java.security.ProtectionDomain$JavaSecurityAccessImpl.doIntersectionPrivilege(ProtectionDomain.java:74)
	at java.awt.EventQueue.dispatchEvent(EventQueue.java:730)
	at java.awt.EventDispatchThread.pumpOneEventForFilters(EventDispatchThread.java:205)
	at java.awt.EventDispatchThread.pumpEventsForFilter(EventDispatchThread.java:116)
	at java.awt.EventDispatchThread.pumpEventsForHierarchy(EventDispatchThread.java:105)
	at java.awt.EventDispatchThread.pumpEvents(EventDispatchThread.java:101)
	at java.awt.EventDispatchThread.pumpEvents(EventDispatchThread.java:93)
	at java.awt.EventDispatchThread.run(EventDispatchThread.java:82)
Caused by: java.lang.ClassNotFoundException: stages.Stage6_PROD
	at org.java.plugin.standard.StandardPluginClassLoader.loadClass(Unknown Source)
	at java.lang.ClassLoader.loadClass(ClassLoader.java:357)
	at java.lang.Class.forName0(Native Method)
	at java.lang.Class.forName(Class.java:348)
	at repast.simphony.visualization.engine.StyleRegistrar.registerStyles(StyleRegistrar.java:87)
	at repast.simphony.visualization.engine.StyleRegistrar.registerStyles(StyleRegistrar.java:34)
	at repast.simphony.visualization.engine.DisplayCreatorOGL2D.createDisplay(DisplayCreatorOGL2D.java:79)
	... 50 more
ERROR [AWT-EventQueue-0] 2020-06-17 17:27:38,463 repast.simphony.visualization.engine.DisplayComponentControllerAction - Error while creating displays
repast.simphony.visualization.engine.DisplayCreationException: Error while creating display.
	at repast.simphony.visualization.engine.DisplayCreatorOGL2D.createDisplay(DisplayCreatorOGL2D.java:102)
	at repast.simphony.visualization.engine.DisplayProducer.createDisplay(DisplayProducer.java:48)
	at repast.simphony.visualization.engine.DisplayComponentControllerAction.runInitialize(DisplayComponentControllerAction.java:116)
	at repast.simphony.engine.controller.DefaultController$2.visit(DefaultController.java:214)
	at repast.simphony.engine.controller.DefaultController$2.visit(DefaultController.java:1)
	at repast.simphony.util.collections.NaryTree.preOrderTraverals(NaryTree.java:292)
	at repast.simphony.util.collections.NaryTree.preOrderTraverals(NaryTree.java:295)
	at repast.simphony.util.collections.NaryTree.preOrderTraverals(NaryTree.java:295)
	at repast.simphony.util.collections.NaryTree.preOrderTraversal(NaryTree.java:288)
	at repast.simphony.engine.controller.DefaultController.runInitialize(DefaultController.java:212)
	at repast.simphony.engine.controller.DefaultController.runInitialize(DefaultController.java:383)
	at repast.simphony.ui.RSApplication.initSim(RSApplication.java:157)
	at repast.simphony.ui.RSApplication.step(RSApplication.java:209)
	at repast.simphony.ui.action.StepRun.actionPerformed(StepRun.java:17)
	at javax.swing.AbstractButton.fireActionPerformed(AbstractButton.java:2022)
	at javax.swing.AbstractButton$Handler.actionPerformed(AbstractButton.java:2348)
	at javax.swing.DefaultButtonModel.fireActionPerformed(DefaultButtonModel.java:402)
	at javax.swing.DefaultButtonModel.setPressed(DefaultButtonModel.java:259)
	at javax.swing.plaf.basic.BasicButtonListener.mouseReleased(BasicButtonListener.java:252)
	at java.awt.AWTEventMulticaster.mouseReleased(AWTEventMulticaster.java:289)
	at java.awt.Component.processMouseEvent(Component.java:6539)
	at javax.swing.JComponent.processMouseEvent(JComponent.java:3324)
	at java.awt.Component.processEvent(Component.java:6304)
	at java.awt.Container.processEvent(Container.java:2239)
	at java.awt.Component.dispatchEventImpl(Component.java:4889)
	at java.awt.Container.dispatchEventImpl(Container.java:2297)
	at java.awt.Component.dispatchEvent(Component.java:4711)
	at java.awt.LightweightDispatcher.retargetMouseEvent(Container.java:4904)
	at java.awt.LightweightDispatcher.processMouseEvent(Container.java:4535)
	at java.awt.LightweightDispatcher.dispatchEvent(Container.java:4476)
	at java.awt.Container.dispatchEventImpl(Container.java:2283)
	at java.awt.Window.dispatchEventImpl(Window.java:2746)
	at java.awt.Component.dispatchEvent(Component.java:4711)
	at java.awt.EventQueue.dispatchEventImpl(EventQueue.java:760)
	at java.awt.EventQueue.access$500(EventQueue.java:97)
	at java.awt.EventQueue$3.run(EventQueue.java:709)
	at java.awt.EventQueue$3.run(EventQueue.java:703)
	at java.security.AccessController.doPrivileged(Native Method)
	at java.security.ProtectionDomain$JavaSecurityAccessImpl.doIntersectionPrivilege(ProtectionDomain.java:74)
	at java.security.ProtectionDomain$JavaSecurityAccessImpl.doIntersectionPrivilege(ProtectionDomain.java:84)
	at java.awt.EventQueue$4.run(EventQueue.java:733)
	at java.awt.EventQueue$4.run(EventQueue.java:731)
	at java.security.AccessController.doPrivileged(Native Method)
	at java.security.ProtectionDomain$JavaSecurityAccessImpl.doIntersectionPrivilege(ProtectionDomain.java:74)
	at java.awt.EventQueue.dispatchEvent(EventQueue.java:730)
	at java.awt.EventDispatchThread.pumpOneEventForFilters(EventDispatchThread.java:205)
	at java.awt.EventDispatchThread.pumpEventsForFilter(EventDispatchThread.java:116)
	at java.awt.EventDispatchThread.pumpEventsForHierarchy(EventDispatchThread.java:105)
	at java.awt.EventDispatchThread.pumpEvents(EventDispatchThread.java:101)
	at java.awt.EventDispatchThread.pumpEvents(EventDispatchThread.java:93)
	at java.awt.EventDispatchThread.run(EventDispatchThread.java:82)
Caused by: java.lang.ClassNotFoundException: stages.Stage6_PROD
	at org.java.plugin.standard.StandardPluginClassLoader.loadClass(Unknown Source)
	at java.lang.ClassLoader.loadClass(ClassLoader.java:357)
	at java.lang.Class.forName0(Native Method)
	at java.lang.Class.forName(Class.java:348)
	at repast.simphony.visualization.engine.StyleRegistrar.registerStyles(StyleRegistrar.java:87)
	at repast.simphony.visualization.engine.StyleRegistrar.registerStyles(StyleRegistrar.java:34)
	at repast.simphony.visualization.engine.DisplayCreatorOGL2D.createDisplay(DisplayCreatorOGL2D.java:79)
	... 50 more
FATAL [Thread-6] 2020-06-19 15:46:54,501 repast.simphony.ui.GUIScheduleRunner - RunTimeException when running the schedule
Current tick (2.0)
java.lang.RuntimeException: java.lang.reflect.InvocationTargetException
	at repast.simphony.engine.schedule.DynamicTargetAction.execute(DynamicTargetAction.java:72)
	at repast.simphony.engine.controller.ScheduledMethodControllerAction$ScheduleMethodAllAction.execute(ScheduledMethodControllerAction.java:333)
	at repast.simphony.engine.schedule.DefaultAction.execute(DefaultAction.java:38)
	at repast.simphony.engine.schedule.ScheduleGroup.executeList(ScheduleGroup.java:205)
	at repast.simphony.engine.schedule.ScheduleGroup.execute(ScheduleGroup.java:231)
	at repast.simphony.engine.schedule.Schedule.execute(Schedule.java:352)
	at repast.simphony.ui.GUIScheduleRunner$ScheduleLoopRunnable.run(GUIScheduleRunner.java:52)
	at java.lang.Thread.run(Thread.java:748)
Caused by: java.lang.reflect.InvocationTargetException
	at jobs.Job$$FastClassByCGLIB$$a0b5ce05.invoke(<generated>)
	at net.sf.cglib.reflect.FastMethod.invoke(FastMethod.java:53)
	at repast.simphony.engine.schedule.DynamicTargetAction.execute(DynamicTargetAction.java:69)
	... 7 more
Caused by: java.lang.NullPointerException
	at jobs.Job.changeState(Job.java:52)
	... 10 more
FATAL [Thread-6] 2020-06-19 15:50:08,657 repast.simphony.ui.GUIScheduleRunner - RunTimeException when running the schedule
Current tick (2.0)
java.lang.RuntimeException: java.lang.reflect.InvocationTargetException
	at repast.simphony.engine.schedule.DynamicTargetAction.execute(DynamicTargetAction.java:72)
	at repast.simphony.engine.controller.ScheduledMethodControllerAction$ScheduleMethodAllAction.execute(ScheduledMethodControllerAction.java:333)
	at repast.simphony.engine.schedule.DefaultAction.execute(DefaultAction.java:38)
	at repast.simphony.engine.schedule.ScheduleGroup.executeList(ScheduleGroup.java:205)
	at repast.simphony.engine.schedule.ScheduleGroup.execute(ScheduleGroup.java:231)
	at repast.simphony.engine.schedule.Schedule.execute(Schedule.java:352)
	at repast.simphony.ui.GUIScheduleRunner$ScheduleLoopRunnable.run(GUIScheduleRunner.java:52)
	at java.lang.Thread.run(Thread.java:748)
Caused by: java.lang.reflect.InvocationTargetException
	at jobs.Job$$FastClassByCGLIB$$a0b5ce05.invoke(<generated>)
	at net.sf.cglib.reflect.FastMethod.invoke(FastMethod.java:53)
	at repast.simphony.engine.schedule.DynamicTargetAction.execute(DynamicTargetAction.java:69)
	... 7 more
Caused by: java.lang.NullPointerException
	at jobs.Job.changeState(Job.java:52)
	... 10 more
FATAL [Thread-7] 2020-06-19 15:57:03,115 repast.simphony.ui.GUIScheduleRunner - RunTimeException when running the schedule
Current tick (3.0)
java.lang.RuntimeException: java.lang.reflect.InvocationTargetException
	at repast.simphony.engine.schedule.DynamicTargetAction.execute(DynamicTargetAction.java:72)
	at repast.simphony.engine.controller.ScheduledMethodControllerAction$ScheduleMethodAllAction.execute(ScheduledMethodControllerAction.java:333)
	at repast.simphony.engine.schedule.DefaultAction.execute(DefaultAction.java:38)
	at repast.simphony.engine.schedule.ScheduleGroup.executeList(ScheduleGroup.java:205)
	at repast.simphony.engine.schedule.ScheduleGroup.execute(ScheduleGroup.java:231)
	at repast.simphony.engine.schedule.Schedule.execute(Schedule.java:352)
	at repast.simphony.ui.GUIScheduleRunner$ScheduleLoopRunnable.run(GUIScheduleRunner.java:52)
	at java.lang.Thread.run(Thread.java:748)
Caused by: java.lang.reflect.InvocationTargetException
	at stages.Stage$$FastClassByCGLIB$$3654e0e5.invoke(<generated>)
	at net.sf.cglib.reflect.FastMethod.invoke(FastMethod.java:53)
	at repast.simphony.engine.schedule.DynamicTargetAction.execute(DynamicTargetAction.java:69)
	... 7 more
Caused by: java.lang.IndexOutOfBoundsException: Index: 3, Size: 2
	at java.util.ArrayList.rangeCheck(ArrayList.java:657)
	at java.util.ArrayList.get(ArrayList.java:433)
	at stages.Stage.handlingJobs(Stage.java:56)
	... 10 more
FATAL [Thread-6] 2020-06-19 21:17:41,893 repast.simphony.ui.GUIScheduleRunner - RunTimeException when running the schedule
Current tick (3.0)
java.lang.RuntimeException: java.lang.reflect.InvocationTargetException
	at repast.simphony.engine.schedule.DynamicTargetAction.execute(DynamicTargetAction.java:72)
	at repast.simphony.engine.controller.ScheduledMethodControllerAction$ScheduleMethodAllAction.execute(ScheduledMethodControllerAction.java:333)
	at repast.simphony.engine.schedule.DefaultAction.execute(DefaultAction.java:38)
	at repast.simphony.engine.schedule.ScheduleGroup.executeList(ScheduleGroup.java:205)
	at repast.simphony.engine.schedule.ScheduleGroup.execute(ScheduleGroup.java:231)
	at repast.simphony.engine.schedule.Schedule.execute(Schedule.java:352)
	at repast.simphony.ui.GUIScheduleRunner$ScheduleLoopRunnable.run(GUIScheduleRunner.java:52)
	at java.lang.Thread.run(Thread.java:748)
Caused by: java.lang.reflect.InvocationTargetException
	at stages.Stage$$FastClassByCGLIB$$3654e0e5.invoke(<generated>)
	at net.sf.cglib.reflect.FastMethod.invoke(FastMethod.java:53)
	at repast.simphony.engine.schedule.DynamicTargetAction.execute(DynamicTargetAction.java:69)
	... 7 more
Caused by: java.lang.IndexOutOfBoundsException: Index: 2, Size: 2
	at java.util.ArrayList.rangeCheck(ArrayList.java:657)
	at java.util.ArrayList.get(ArrayList.java:433)
	at stages.Stage.cleanUpNetworkGraph(Stage.java:94)
	at stages.Stage.handlingJobs(Stage.java:63)
	... 10 more
FATAL [Thread-6] 2020-06-19 21:21:16,106 repast.simphony.ui.GUIScheduleRunner - RunTimeException when running the schedule
Current tick (2.0)
java.lang.RuntimeException: java.lang.reflect.InvocationTargetException
	at repast.simphony.engine.schedule.DynamicTargetAction.execute(DynamicTargetAction.java:72)
	at repast.simphony.engine.controller.ScheduledMethodControllerAction$ScheduleMethodAllAction.execute(ScheduledMethodControllerAction.java:333)
	at repast.simphony.engine.schedule.DefaultAction.execute(DefaultAction.java:38)
	at repast.simphony.engine.schedule.ScheduleGroup.executeList(ScheduleGroup.java:205)
	at repast.simphony.engine.schedule.ScheduleGroup.execute(ScheduleGroup.java:231)
	at repast.simphony.engine.schedule.Schedule.execute(Schedule.java:352)
	at repast.simphony.ui.GUIScheduleRunner$ScheduleLoopRunnable.run(GUIScheduleRunner.java:52)
	at java.lang.Thread.run(Thread.java:748)
Caused by: java.lang.reflect.InvocationTargetException
	at stages.Stage$$FastClassByCGLIB$$3654e0e5.invoke(<generated>)
	at net.sf.cglib.reflect.FastMethod.invoke(FastMethod.java:53)
	at repast.simphony.engine.schedule.DynamicTargetAction.execute(DynamicTargetAction.java:69)
	... 7 more
Caused by: java.lang.IndexOutOfBoundsException: Index: 1, Size: 1
	at java.util.ArrayList.rangeCheck(ArrayList.java:657)
	at java.util.ArrayList.get(ArrayList.java:433)
	at stages.Stage.cleanUpNetworkGraph(Stage.java:96)
	at stages.Stage.handlingJobs(Stage.java:63)
	... 10 more
FATAL [Thread-6] 2020-06-19 21:22:03,633 repast.simphony.ui.GUIScheduleRunner - RunTimeException when running the schedule
Current tick (1.0)
java.lang.RuntimeException: java.lang.reflect.InvocationTargetException
	at repast.simphony.engine.schedule.DynamicTargetAction.execute(DynamicTargetAction.java:72)
	at repast.simphony.engine.controller.ScheduledMethodControllerAction$ScheduleMethodAllAction.execute(ScheduledMethodControllerAction.java:333)
	at repast.simphony.engine.schedule.DefaultAction.execute(DefaultAction.java:38)
	at repast.simphony.engine.schedule.ScheduleGroup.executeList(ScheduleGroup.java:205)
	at repast.simphony.engine.schedule.ScheduleGroup.execute(ScheduleGroup.java:231)
	at repast.simphony.engine.schedule.Schedule.execute(Schedule.java:352)
	at repast.simphony.ui.GUIScheduleRunner$ScheduleLoopRunnable.run(GUIScheduleRunner.java:52)
	at java.lang.Thread.run(Thread.java:748)
Caused by: java.lang.reflect.InvocationTargetException
	at stages.Stage$$FastClassByCGLIB$$3654e0e5.invoke(<generated>)
	at net.sf.cglib.reflect.FastMethod.invoke(FastMethod.java:53)
	at repast.simphony.engine.schedule.DynamicTargetAction.execute(DynamicTargetAction.java:69)
	... 7 more
Caused by: java.lang.ArrayIndexOutOfBoundsException: -1
	at java.util.ArrayList.elementData(ArrayList.java:422)
	at java.util.ArrayList.get(ArrayList.java:435)
	at stages.Stage.cleanUpNetworkGraph(Stage.java:96)
	at stages.Stage.handlingJobs(Stage.java:63)
	... 10 more
INFO  [qtp626742236-12] 2020-06-19 21:42:47,419 repast.simphony.ws.RepastWS - connected
INFO  [qtp626742236-27] 2020-06-19 21:43:02,730 repast.simphony.ws.RepastWS - Server Received {"type":"cmd","value":"init_params","params":[{"name":"randomSeed","value":"833499360"}]}
INFO  [Thread-17] 2020-06-19 21:43:03,047 repast.simphony.ws.RepastWS$MessageHandler - ./bin:./lib/*:/private/var/folders/68/y8hv9jy55ln0d0f55vvzgj_m0000gn/T/AppTranslocation/FECBBBAA-91F9-40CF-9357-64E0775FA236/d/Eclipse.app/Contents/Eclipse/plugins/org.codehaus.groovy_2.4.17.v201906292136-e1906-RELEASE/lib/../bin:/private/var/folders/68/y8hv9jy55ln0d0f55vvzgj_m0000gn/T/AppTranslocation/FECBBBAA-91F9-40CF-9357-64E0775FA236/d/Eclipse.app/Contents/Eclipse/plugins/org.codehaus.groovy_2.4.17.v201906292136-e1906-RELEASE/lib/../lib/*:/private/var/folders/68/y8hv9jy55ln0d0f55vvzgj_m0000gn/T/AppTranslocation/FECBBBAA-91F9-40CF-9357-64E0775FA236/d/Eclipse.app/Contents/Eclipse/plugins/repast.simphony.server_2.7.0/bin/../../repast.simphony.R_2.7.0/bin:/private/var/folders/68/y8hv9jy55ln0d0f55vvzgj_m0000gn/T/AppTranslocation/FECBBBAA-91F9-40CF-9357-64E0775FA236/d/Eclipse.app/Contents/Eclipse/plugins/repast.simphony.server_2.7.0/bin/../../repast.simphony.R_2.7.0/lib/*:/private/var/folders/68/y8hv9jy55ln0d0f55vvzgj_m0000gn/T/AppTranslocation/FECBBBAA-91F9-40CF-9357-64E0775FA236/d/Eclipse.app/Contents/Eclipse/plugins/repast.simphony.server_2.7.0/bin/../../repast.simphony.statecharts.model_2.7.0/bin:/private/var/folders/68/y8hv9jy55ln0d0f55vvzgj_m0000gn/T/AppTranslocation/FECBBBAA-91F9-40CF-9357-64E0775FA236/d/Eclipse.app/Contents/Eclipse/plugins/repast.simphony.server_2.7.0/bin/../../repast.simphony.statecharts.model_2.7.0/lib/*:/private/var/folders/68/y8hv9jy55ln0d0f55vvzgj_m0000gn/T/AppTranslocation/FECBBBAA-91F9-40CF-9357-64E0775FA236/d/Eclipse.app/Contents/Eclipse/plugins/repast.simphony.server_2.7.0/bin/../../repast.simphony.distributed.batch_2.7.0/bin:/private/var/folders/68/y8hv9jy55ln0d0f55vvzgj_m0000gn/T/AppTranslocation/FECBBBAA-91F9-40CF-9357-64E0775FA236/d/Eclipse.app/Contents/Eclipse/plugins/repast.simphony.server_2.7.0/bin/../../repast.simphony.distributed.batch_2.7.0/lib/*:/private/var/folders/68/y8hv9jy55ln0d0f55vvzgj_m0000gn/T/AppTranslocation/FECBBBAA-91F9-40CF-9357-64E0775FA236/d/Eclipse.app/Contents/Eclipse/plugins/repast.simphony.server_2.7.0/bin/../../repast.simphony.statecharts_2.7.0/bin:/private/var/folders/68/y8hv9jy55ln0d0f55vvzgj_m0000gn/T/AppTranslocation/FECBBBAA-91F9-40CF-9357-64E0775FA236/d/Eclipse.app/Contents/Eclipse/plugins/repast.simphony.server_2.7.0/bin/../../repast.simphony.statecharts_2.7.0/lib/*:/private/var/folders/68/y8hv9jy55ln0d0f55vvzgj_m0000gn/T/AppTranslocation/FECBBBAA-91F9-40CF-9357-64E0775FA236/d/Eclipse.app/Contents/Eclipse/plugins/repast.simphony.server_2.7.0/bin/../../repast.simphony.data_2.7.0/bin:/private/var/folders/68/y8hv9jy55ln0d0f55vvzgj_m0000gn/T/AppTranslocation/FECBBBAA-91F9-40CF-9357-64E0775FA236/d/Eclipse.app/Contents/Eclipse/plugins/repast.simphony.server_2.7.0/bin/../../repast.simphony.data_2.7.0/lib/*:/private/var/folders/68/y8hv9jy55ln0d0f55vvzgj_m0000gn/T/AppTranslocation/FECBBBAA-91F9-40CF-9357-64E0775FA236/d/Eclipse.app/Contents/Eclipse/plugins/repast.simphony.server_2.7.0/bin/../../repast.simphony.data.ui_2.7.0/bin:/private/var/folders/68/y8hv9jy55ln0d0f55vvzgj_m0000gn/T/AppTranslocation/FECBBBAA-91F9-40CF-9357-64E0775FA236/d/Eclipse.app/Contents/Eclipse/plugins/repast.simphony.server_2.7.0/bin/../../repast.simphony.data.ui_2.7.0/lib/*:/private/var/folders/68/y8hv9jy55ln0d0f55vvzgj_m0000gn/T/AppTranslocation/FECBBBAA-91F9-40CF-9357-64E0775FA236/d/Eclipse.app/Contents/Eclipse/plugins/repast.simphony.server_2.7.0/bin/../../libs.piccolo_2.7.0/bin:/private/var/folders/68/y8hv9jy55ln0d0f55vvzgj_m0000gn/T/AppTranslocation/FECBBBAA-91F9-40CF-9357-64E0775FA236/d/Eclipse.app/Contents/Eclipse/plugins/repast.simphony.server_2.7.0/bin/../../libs.piccolo_2.7.0/lib/*:/private/var/folders/68/y8hv9jy55ln0d0f55vvzgj_m0000gn/T/AppTranslocation/FECBBBAA-91F9-40CF-9357-64E0775FA236/d/Eclipse.app/Contents/Eclipse/plugins/repast.simphony.server_2.7.0/bin/../../repast.simphony.eclipse_2.7.0/bin:/private/var/folders/68/y8hv9jy55ln0d0f55vvzgj_m0000gn/T/AppTranslocation/FECBBBAA-91F9-40CF-9357-64E0775FA236/d/Eclipse.app/Contents/Eclipse/plugins/repast.simphony.server_2.7.0/bin/../../repast.simphony.eclipse_2.7.0/lib/*:/private/var/folders/68/y8hv9jy55ln0d0f55vvzgj_m0000gn/T/AppTranslocation/FECBBBAA-91F9-40CF-9357-64E0775FA236/d/Eclipse.app/Contents/Eclipse/plugins/repast.simphony.server_2.7.0/bin/../../repast.simphony.dataLoader_2.7.0/bin:/private/var/folders/68/y8hv9jy55ln0d0f55vvzgj_m0000gn/T/AppTranslocation/FECBBBAA-91F9-40CF-9357-64E0775FA236/d/Eclipse.app/Contents/Eclipse/plugins/repast.simphony.server_2.7.0/bin/../../repast.simphony.dataLoader_2.7.0/lib/*:/private/var/folders/68/y8hv9jy55ln0d0f55vvzgj_m0000gn/T/AppTranslocation/FECBBBAA-91F9-40CF-9357-64E0775FA236/d/Eclipse.app/Contents/Eclipse/plugins/repast.simphony.server_2.7.0/bin/../../repast.simphony.gui_2.7.0/bin:/private/var/folders/68/y8hv9jy55ln0d0f55vvzgj_m0000gn/T/AppTranslocation/FECBBBAA-91F9-40CF-9357-64E0775FA236/d/Eclipse.app/Contents/Eclipse/plugins/repast.simphony.server_2.7.0/bin/../../repast.simphony.gui_2.7.0/lib/*:/private/var/folders/68/y8hv9jy55ln0d0f55vvzgj_m0000gn/T/AppTranslocation/FECBBBAA-91F9-40CF-9357-64E0775FA236/d/Eclipse.app/Contents/Eclipse/plugins/repast.simphony.server_2.7.0/bin/../../repast.simphony.spreadsheet_2.7.0/bin:/private/var/folders/68/y8hv9jy55ln0d0f55vvzgj_m0000gn/T/AppTranslocation/FECBBBAA-91F9-40CF-9357-64E0775FA236/d/Eclipse.app/Contents/Eclipse/plugins/repast.simphony.server_2.7.0/bin/../../repast.simphony.spreadsheet_2.7.0/lib/*:/private/var/folders/68/y8hv9jy55ln0d0f55vvzgj_m0000gn/T/AppTranslocation/FECBBBAA-91F9-40CF-9357-64E0775FA236/d/Eclipse.app/Contents/Eclipse/plugins/repast.simphony.server_2.7.0/bin/../../repast.simphony.statecharts.generator_2.7.0/bin:/private/var/folders/68/y8hv9jy55ln0d0f55vvzgj_m0000gn/T/AppTranslocation/FECBBBAA-91F9-40CF-9357-64E0775FA236/d/Eclipse.app/Contents/Eclipse/plugins/repast.simphony.server_2.7.0/bin/../../repast.simphony.statecharts.generator_2.7.0/lib/*:/private/var/folders/68/y8hv9jy55ln0d0f55vvzgj_m0000gn/T/AppTranslocation/FECBBBAA-91F9-40CF-9357-64E0775FA236/d/Eclipse.app/Contents/Eclipse/plugins/repast.simphony.server_2.7.0/bin/../../repast.simphony.server_2.7.0/bin:/private/var/folders/68/y8hv9jy55ln0d0f55vvzgj_m0000gn/T/AppTranslocation/FECBBBAA-91F9-40CF-9357-64E0775FA236/d/Eclipse.app/Contents/Eclipse/plugins/repast.simphony.server_2.7.0/bin/../../repast.simphony.server_2.7.0/lib/*:/private/var/folders/68/y8hv9jy55ln0d0f55vvzgj_m0000gn/T/AppTranslocation/FECBBBAA-91F9-40CF-9357-64E0775FA236/d/Eclipse.app/Contents/Eclipse/plugins/repast.simphony.server_2.7.0/bin/../../repast.simphony.dataLoader.ui_2.7.0/bin:/private/var/folders/68/y8hv9jy55ln0d0f55vvzgj_m0000gn/T/AppTranslocation/FECBBBAA-91F9-40CF-9357-64E0775FA236/d/Eclipse.app/Contents/Eclipse/plugins/repast.simphony.server_2.7.0/bin/../../repast.simphony.dataLoader.ui_2.7.0/lib/*:/private/var/folders/68/y8hv9jy55ln0d0f55vvzgj_m0000gn/T/AppTranslocation/FECBBBAA-91F9-40CF-9357-64E0775FA236/d/Eclipse.app/Contents/Eclipse/plugins/repast.simphony.server_2.7.0/bin/../../repast.simphony.plugin.util_2.7.0/bin:/private/var/folders/68/y8hv9jy55ln0d0f55vvzgj_m0000gn/T/AppTranslocation/FECBBBAA-91F9-40CF-9357-64E0775FA236/d/Eclipse.app/Contents/Eclipse/plugins/repast.simphony.server_2.7.0/bin/../../repast.simphony.plugin.util_2.7.0/lib/*:/private/var/folders/68/y8hv9jy55ln0d0f55vvzgj_m0000gn/T/AppTranslocation/FECBBBAA-91F9-40CF-9357-64E0775FA236/d/Eclipse.app/Contents/Eclipse/plugins/repast.simphony.server_2.7.0/bin/../../repast.simphony.bin_and_src_2.7.0/bin:/private/var/folders/68/y8hv9jy55ln0d0f55vvzgj_m0000gn/T/AppTranslocation/FECBBBAA-91F9-40CF-9357-64E0775FA236/d/Eclipse.app/Contents/Eclipse/plugins/repast.simphony.server_2.7.0/bin/../../repast.simphony.bin_and_src_2.7.0/lib/*:/private/var/folders/68/y8hv9jy55ln0d0f55vvzgj_m0000gn/T/AppTranslocation/FECBBBAA-91F9-40CF-9357-64E0775FA236/d/Eclipse.app/Contents/Eclipse/plugins/repast.simphony.server_2.7.0/bin/../../repast.simphony.weka_2.7.0/bin:/private/var/folders/68/y8hv9jy55ln0d0f55vvzgj_m0000gn/T/AppTranslocation/FECBBBAA-91F9-40CF-9357-64E0775FA236/d/Eclipse.app/Contents/Eclipse/plugins/repast.simphony.server_2.7.0/bin/../../repast.simphony.weka_2.7.0/lib/*:/private/var/folders/68/y8hv9jy55ln0d0f55vvzgj_m0000gn/T/AppTranslocation/FECBBBAA-91F9-40CF-9357-64E0775FA236/d/Eclipse.app/Contents/Eclipse/plugins/repast.simphony.server_2.7.0/bin/../../repast.simphony.userpanel.ui_2.7.0/bin:/private/var/folders/68/y8hv9jy55ln0d0f55vvzgj_m0000gn/T/AppTranslocation/FECBBBAA-91F9-40CF-9357-64E0775FA236/d/Eclipse.app/Contents/Eclipse/plugins/repast.simphony.server_2.7.0/bin/../../repast.simphony.userpanel.ui_2.7.0/lib/*:/private/var/folders/68/y8hv9jy55ln0d0f55vvzgj_m0000gn/T/AppTranslocation/FECBBBAA-91F9-40CF-9357-64E0775FA236/d/Eclipse.app/Contents/Eclipse/plugins/repast.simphony.server_2.7.0/bin/../../repast.simphony.runtime_2.7.0/bin:/private/var/folders/68/y8hv9jy55ln0d0f55vvzgj_m0000gn/T/AppTranslocation/FECBBBAA-91F9-40CF-9357-64E0775FA236/d/Eclipse.app/Contents/Eclipse/plugins/repast.simphony.server_2.7.0/bin/../../repast.simphony.runtime_2.7.0/lib/*:/private/var/folders/68/y8hv9jy55ln0d0f55vvzgj_m0000gn/T/AppTranslocation/FECBBBAA-91F9-40CF-9357-64E0775FA236/d/Eclipse.app/Contents/Eclipse/plugins/repast.simphony.server_2.7.0/bin/../../repast.simphony.integration_2.7.0/bin:/private/var/folders/68/y8hv9jy55ln0d0f55vvzgj_m0000gn/T/AppTranslocation/FECBBBAA-91F9-40CF-9357-64E0775FA236/d/Eclipse.app/Contents/Eclipse/plugins/repast.simphony.server_2.7.0/bin/../../repast.simphony.integration_2.7.0/lib/*:/private/var/folders/68/y8hv9jy55ln0d0f55vvzgj_m0000gn/T/AppTranslocation/FECBBBAA-91F9-40CF-9357-64E0775FA236/d/Eclipse.app/Contents/Eclipse/plugins/repast.simphony.server_2.7.0/bin/../../libs.ext_2.7.0/bin:/private/var/folders/68/y8hv9jy55ln0d0f55vvzgj_m0000gn/T/AppTranslocation/FECBBBAA-91F9-40CF-9357-64E0775FA236/d/Eclipse.app/Contents/Eclipse/plugins/repast.simphony.server_2.7.0/bin/../../libs.ext_2.7.0/lib/*:/private/var/folders/68/y8hv9jy55ln0d0f55vvzgj_m0000gn/T/AppTranslocation/FECBBBAA-91F9-40CF-9357-64E0775FA236/d/Eclipse.app/Contents/Eclipse/plugins/repast.simphony.server_2.7.0/bin/../../repast.simphony.visualization_2.7.0/bin:/private/var/folders/68/y8hv9jy55ln0d0f55vvzgj_m0000gn/T/AppTranslocation/FECBBBAA-91F9-40CF-9357-64E0775FA236/d/Eclipse.app/Contents/Eclipse/plugins/repast.simphony.server_2.7.0/bin/../../repast.simphony.visualization_2.7.0/lib/*:/private/var/folders/68/y8hv9jy55ln0d0f55vvzgj_m0000gn/T/AppTranslocation/FECBBBAA-91F9-40CF-9357-64E0775FA236/d/Eclipse.app/Contents/Eclipse/plugins/repast.simphony.server_2.7.0/bin/../../repast.simphony.gis_2.7.0/bin:/private/var/folders/68/y8hv9jy55ln0d0f55vvzgj_m0000gn/T/AppTranslocation/FECBBBAA-91F9-40CF-9357-64E0775FA236/d/Eclipse.app/Contents/Eclipse/plugins/repast.simphony.server_2.7.0/bin/../../repast.simphony.gis_2.7.0/lib/*:/private/var/folders/68/y8hv9jy55ln0d0f55vvzgj_m0000gn/T/AppTranslocation/FECBBBAA-91F9-40CF-9357-64E0775FA236/d/Eclipse.app/Contents/Eclipse/plugins/repast.simphony.server_2.7.0/bin/../../repast.simphony.sql_2.7.0/bin:/private/var/folders/68/y8hv9jy55ln0d0f55vvzgj_m0000gn/T/AppTranslocation/FECBBBAA-91F9-40CF-9357-64E0775FA236/d/Eclipse.app/Contents/Eclipse/plugins/repast.simphony.server_2.7.0/bin/../../repast.simphony.sql_2.7.0/lib/*:/private/var/folders/68/y8hv9jy55ln0d0f55vvzgj_m0000gn/T/AppTranslocation/FECBBBAA-91F9-40CF-9357-64E0775FA236/d/Eclipse.app/Contents/Eclipse/plugins/repast.simphony.server_2.7.0/bin/../../repast.simphony.jdbcfreezedryer_2.7.0/bin:/private/var/folders/68/y8hv9jy55ln0d0f55vvzgj_m0000gn/T/AppTranslocation/FECBBBAA-91F9-40CF-9357-64E0775FA236/d/Eclipse.app/Contents/Eclipse/plugins/repast.simphony.server_2.7.0/bin/../../repast.simphony.jdbcfreezedryer_2.7.0/lib/*:/private/var/folders/68/y8hv9jy55ln0d0f55vvzgj_m0000gn/T/AppTranslocation/FECBBBAA-91F9-40CF-9357-64E0775FA236/d/Eclipse.app/Contents/Eclipse/plugins/repast.simphony.server_2.7.0/bin/../../repast.simphony.chart_2.7.0/bin:/private/var/folders/68/y8hv9jy55ln0d0f55vvzgj_m0000gn/T/AppTranslocation/FECBBBAA-91F9-40CF-9357-64E0775FA236/d/Eclipse.app/Contents/Eclipse/plugins/repast.simphony.server_2.7.0/bin/../../repast.simphony.chart_2.7.0/lib/*:/private/var/folders/68/y8hv9jy55ln0d0f55vvzgj_m0000gn/T/AppTranslocation/FECBBBAA-91F9-40CF-9357-64E0775FA236/d/Eclipse.app/Contents/Eclipse/plugins/repast.simphony.server_2.7.0/bin/../../repast.simphony.groovy_2.7.0/bin:/private/var/folders/68/y8hv9jy55ln0d0f55vvzgj_m0000gn/T/AppTranslocation/FECBBBAA-91F9-40CF-9357-64E0775FA236/d/Eclipse.app/Contents/Eclipse/plugins/repast.simphony.server_2.7.0/bin/../../repast.simphony.groovy_2.7.0/lib/*:/private/var/folders/68/y8hv9jy55ln0d0f55vvzgj_m0000gn/T/AppTranslocation/FECBBBAA-91F9-40CF-9357-64E0775FA236/d/Eclipse.app/Contents/Eclipse/plugins/repast.simphony.server_2.7.0/bin/../../repast.simphony.core_2.7.0/bin:/private/var/folders/68/y8hv9jy55ln0d0f55vvzgj_m0000gn/T/AppTranslocation/FECBBBAA-91F9-40CF-9357-64E0775FA236/d/Eclipse.app/Contents/Eclipse/plugins/repast.simphony.server_2.7.0/bin/../../repast.simphony.core_2.7.0/lib/*:/private/var/folders/68/y8hv9jy55ln0d0f55vvzgj_m0000gn/T/AppTranslocation/FECBBBAA-91F9-40CF-9357-64E0775FA236/d/Eclipse.app/Contents/Eclipse/plugins/repast.simphony.server_2.7.0/bin/../../repast.simphony.gis.visualization_2.7.0/bin:/private/var/folders/68/y8hv9jy55ln0d0f55vvzgj_m0000gn/T/AppTranslocation/FECBBBAA-91F9-40CF-9357-64E0775FA236/d/Eclipse.app/Contents/Eclipse/plugins/repast.simphony.server_2.7.0/bin/../../repast.simphony.gis.visualization_2.7.0/lib/*:/private/var/folders/68/y8hv9jy55ln0d0f55vvzgj_m0000gn/T/AppTranslocation/FECBBBAA-91F9-40CF-9357-64E0775FA236/d/Eclipse.app/Contents/Eclipse/plugins/repast.simphony.server_2.7.0/bin/../../repast.simphony.relogo.ide_2.7.0/bin:/private/var/folders/68/y8hv9jy55ln0d0f55vvzgj_m0000gn/T/AppTranslocation/FECBBBAA-91F9-40CF-9357-64E0775FA236/d/Eclipse.app/Contents/Eclipse/plugins/repast.simphony.server_2.7.0/bin/../../repast.simphony.relogo.ide_2.7.0/lib/*:/private/var/folders/68/y8hv9jy55ln0d0f55vvzgj_m0000gn/T/AppTranslocation/FECBBBAA-91F9-40CF-9357-64E0775FA236/d/Eclipse.app/Contents/Eclipse/plugins/repast.simphony.server_2.7.0/bin/../../repast.simphony.essentials_2.7.0/bin:/private/var/folders/68/y8hv9jy55ln0d0f55vvzgj_m0000gn/T/AppTranslocation/FECBBBAA-91F9-40CF-9357-64E0775FA236/d/Eclipse.app/Contents/Eclipse/plugins/repast.simphony.server_2.7.0/bin/../../repast.simphony.essentials_2.7.0/lib/*:/private/var/folders/68/y8hv9jy55ln0d0f55vvzgj_m0000gn/T/AppTranslocation/FECBBBAA-91F9-40CF-9357-64E0775FA236/d/Eclipse.app/Contents/Eclipse/plugins/repast.simphony.server_2.7.0/bin/../../repast.simphony.statecharts.visualization_2.7.0/bin:/private/var/folders/68/y8hv9jy55ln0d0f55vvzgj_m0000gn/T/AppTranslocation/FECBBBAA-91F9-40CF-9357-64E0775FA236/d/Eclipse.app/Contents/Eclipse/plugins/repast.simphony.server_2.7.0/bin/../../repast.simphony.statecharts.visualization_2.7.0/lib/*:/private/var/folders/68/y8hv9jy55ln0d0f55vvzgj_m0000gn/T/AppTranslocation/FECBBBAA-91F9-40CF-9357-64E0775FA236/d/Eclipse.app/Contents/Eclipse/plugins/repast.simphony.server_2.7.0/bin/../../libs.bsf_2.7.0/bin:/private/var/folders/68/y8hv9jy55ln0d0f55vvzgj_m0000gn/T/AppTranslocation/FECBBBAA-91F9-40CF-9357-64E0775FA236/d/Eclipse.app/Contents/Eclipse/plugins/repast.simphony.server_2.7.0/bin/../../libs.bsf_2.7.0/lib/*:/private/var/folders/68/y8hv9jy55ln0d0f55vvzgj_m0000gn/T/AppTranslocation/FECBBBAA-91F9-40CF-9357-64E0775FA236/d/Eclipse.app/Contents/Eclipse/plugins/repast.simphony.server_2.7.0/bin/../../repast.simphony.jung_2.7.0/bin:/private/var/folders/68/y8hv9jy55ln0d0f55vvzgj_m0000gn/T/AppTranslocation/FECBBBAA-91F9-40CF-9357-64E0775FA236/d/Eclipse.app/Contents/Eclipse/plugins/repast.simphony.server_2.7.0/bin/../../repast.simphony.jung_2.7.0/lib/*:/private/var/folders/68/y8hv9jy55ln0d0f55vvzgj_m0000gn/T/AppTranslocation/FECBBBAA-91F9-40CF-9357-64E0775FA236/d/Eclipse.app/Contents/Eclipse/plugins/repast.simphony.server_2.7.0/bin/../../repast.simphony.jasperreports_2.7.0/bin:/private/var/folders/68/y8hv9jy55ln0d0f55vvzgj_m0000gn/T/AppTranslocation/FECBBBAA-91F9-40CF-9357-64E0775FA236/d/Eclipse.app/Contents/Eclipse/plugins/repast.simphony.server_2.7.0/bin/../../repast.simphony.jasperreports_2.7.0/lib/*:/private/var/folders/68/y8hv9jy55ln0d0f55vvzgj_m0000gn/T/AppTranslocation/FECBBBAA-91F9-40CF-9357-64E0775FA236/d/Eclipse.app/Contents/Eclipse/plugins/repast.simphony.server_2.7.0/bin/../../repast.simphony.relogo.builder_2.7.0/bin:/private/var/folders/68/y8hv9jy55ln0d0f55vvzgj_m0000gn/T/AppTranslocation/FECBBBAA-91F9-40CF-9357-64E0775FA236/d/Eclipse.app/Contents/Eclipse/plugins/repast.simphony.server_2.7.0/bin/../../repast.simphony.relogo.builder_2.7.0/lib/*:/private/var/folders/68/y8hv9jy55ln0d0f55vvzgj_m0000gn/T/AppTranslocation/FECBBBAA-91F9-40CF-9357-64E0775FA236/d/Eclipse.app/Contents/Eclipse/plugins/repast.simphony.server_2.7.0/bin/../../repast.simphony.statecharts.edit_2.7.0/bin:/private/var/folders/68/y8hv9jy55ln0d0f55vvzgj_m0000gn/T/AppTranslocation/FECBBBAA-91F9-40CF-9357-64E0775FA236/d/Eclipse.app/Contents/Eclipse/plugins/repast.simphony.server_2.7.0/bin/../../repast.simphony.statecharts.edit_2.7.0/lib/*:/private/var/folders/68/y8hv9jy55ln0d0f55vvzgj_m0000gn/T/AppTranslocation/FECBBBAA-91F9-40CF-9357-64E0775FA236/d/Eclipse.app/Contents/Eclipse/plugins/repast.simphony.server_2.7.0/bin/../../repast.simphony.distributed.batch.ui_2.7.0/bin:/private/var/folders/68/y8hv9jy55ln0d0f55vvzgj_m0000gn/T/AppTranslocation/FECBBBAA-91F9-40CF-9357-64E0775FA236/d/Eclipse.app/Contents/Eclipse/plugins/repast.simphony.server_2.7.0/bin/../../repast.simphony.distributed.batch.ui_2.7.0/lib/*:/private/var/folders/68/y8hv9jy55ln0d0f55vvzgj_m0000gn/T/AppTranslocation/FECBBBAA-91F9-40CF-9357-64E0775FA236/d/Eclipse.app/Contents/Eclipse/plugins/repast.simphony.server_2.7.0/bin/../../repast.simphony.relogo.runtime_2.7.0/bin:/private/var/folders/68/y8hv9jy55ln0d0f55vvzgj_m0000gn/T/AppTranslocation/FECBBBAA-91F9-40CF-9357-64E0775FA236/d/Eclipse.app/Contents/Eclipse/plugins/repast.simphony.server_2.7.0/bin/../../repast.simphony.relogo.runtime_2.7.0/lib/*:/private/var/folders/68/y8hv9jy55ln0d0f55vvzgj_m0000gn/T/AppTranslocation/FECBBBAA-91F9-40CF-9357-64E0775FA236/d/Eclipse.app/Contents/Eclipse/plugins/repast.simphony.server_2.7.0/bin/../../repast.simphony.freezedry_2.7.0/bin:/private/var/folders/68/y8hv9jy55ln0d0f55vvzgj_m0000gn/T/AppTranslocation/FECBBBAA-91F9-40CF-9357-64E0775FA236/d/Eclipse.app/Contents/Eclipse/plugins/repast.simphony.server_2.7.0/bin/../../repast.simphony.freezedry_2.7.0/lib/*:/private/var/folders/68/y8hv9jy55ln0d0f55vvzgj_m0000gn/T/AppTranslocation/FECBBBAA-91F9-40CF-9357-64E0775FA236/d/Eclipse.app/Contents/Eclipse/plugins/repast.simphony.server_2.7.0/bin/../../repast.simphony.scenario_2.7.0/bin:/private/var/folders/68/y8hv9jy55ln0d0f55vvzgj_m0000gn/T/AppTranslocation/FECBBBAA-91F9-40CF-9357-64E0775FA236/d/Eclipse.app/Contents/Eclipse/plugins/repast.simphony.server_2.7.0/bin/../../repast.simphony.scenario_2.7.0/lib/*:/private/var/folders/68/y8hv9jy55ln0d0f55vvzgj_m0000gn/T/AppTranslocation/FECBBBAA-91F9-40CF-9357-64E0775FA236/d/Eclipse.app/Contents/Eclipse/plugins/repast.simphony.server_2.7.0/bin/../../repast.simphony.statecharts.diagram_2.7.0/bin:/private/var/folders/68/y8hv9jy55ln0d0f55vvzgj_m0000gn/T/AppTranslocation/FECBBBAA-91F9-40CF-9357-64E0775FA236/d/Eclipse.app/Contents/Eclipse/plugins/repast.simphony.server_2.7.0/bin/../../repast.simphony.statecharts.diagram_2.7.0/lib/*:/private/var/folders/68/y8hv9jy55ln0d0f55vvzgj_m0000gn/T/AppTranslocation/FECBBBAA-91F9-40CF-9357-64E0775FA236/d/Eclipse.app/Contents/Eclipse/plugins/repast.simphony.server_2.7.0/bin/../../org.codehaus.groovy_2.4.17.v201906292136-e1906-RELEASE/bin:/private/var/folders/68/y8hv9jy55ln0d0f55vvzgj_m0000gn/T/AppTranslocation/FECBBBAA-91F9-40CF-9357-64E0775FA236/d/Eclipse.app/Contents/Eclipse/plugins/repast.simphony.server_2.7.0/bin/../../org.codehaus.groovy_2.4.17.v201906292136-e1906-RELEASE/lib/*:/private/var/folders/68/y8hv9jy55ln0d0f55vvzgj_m0000gn/T/AppTranslocation/FECBBBAA-91F9-40CF-9357-64E0775FA236/d/Eclipse.app/Contents/Eclipse/plugins/repast.simphony.server_2.7.0/bin/../../repast.simphony.batch_2.7.0/bin:/private/var/folders/68/y8hv9jy55ln0d0f55vvzgj_m0000gn/T/AppTranslocation/FECBBBAA-91F9-40CF-9357-64E0775FA236/d/Eclipse.app/Contents/Eclipse/plugins/repast.simphony.server_2.7.0/bin/../../repast.simphony.batch_2.7.0/lib/*:/private/var/folders/68/y8hv9jy55ln0d0f55vvzgj_m0000gn/T/AppTranslocation/FECBBBAA-91F9-40CF-9357-64E0775FA236/d/Eclipse.app/Contents/Eclipse/plugins/repast.simphony.server_2.7.0/bin/../../repast.simphony.pajek_2.7.0/bin:/private/var/folders/68/y8hv9jy55ln0d0f55vvzgj_m0000gn/T/AppTranslocation/FECBBBAA-91F9-40CF-9357-64E0775FA236/d/Eclipse.app/Contents/Eclipse/plugins/repast.simphony.server_2.7.0/bin/../../repast.simphony.pajek_2.7.0/lib/*
INFO  [qtp626742236-12] 2020-06-19 21:43:06,258 repast.simphony.ws.RepastWS - Server Received {"type":"cmd","value":"init_params","params":[{"name":"randomSeed","value":"833499360"}]}
INFO  [qtp626742236-27] 2020-06-19 21:43:07,231 repast.simphony.ws.RepastWS - Server Received {"type":"cmd","value":"init_params","params":[{"name":"randomSeed","value":"833499360"}]}
INFO  [qtp626742236-12] 2020-06-19 21:43:09,120 repast.simphony.ws.RepastWS - Server Received {"type":"cmd","value":"init_params","params":[{"name":"randomSeed","value":"833499360"}]}
INFO  [qtp626742236-27] 2020-06-19 21:43:09,800 repast.simphony.ws.RepastWS - Server Received {"type":"cmd","value":"init_params","params":[{"name":"randomSeed","value":"833499360"}]}
INFO  [qtp626742236-12] 2020-06-19 21:43:10,400 repast.simphony.ws.RepastWS - Server Received {"type":"cmd","value":"init_params","params":[{"name":"randomSeed","value":"833499360"}]}
INFO  [qtp626742236-27] 2020-06-19 21:43:16,234 repast.simphony.ws.RepastWS - Server Received {"type":"cmd","value":"init_params","params":[{"name":"randomSeed","value":"833499360"}]}
INFO  [qtp626742236-26] 2020-06-19 21:43:23,046 repast.simphony.ws.RepastWS - disconnect
INFO  [qtp626742236-26] 2020-06-19 21:43:23,046 repast.simphony.ws.RepastWS$MessageHandler - MessageHandler.stop
