2020-06-17 14:52:39,205 - Default ResourceManager initializing. (class org.apache.velocity.runtime.resource.ResourceManagerImpl)
2020-06-17 14:52:39,206 - Resource Loader Instantiated: org.apache.velocity.runtime.resource.loader.ClasspathResourceLoader
2020-06-17 14:52:39,206 - ClasspathResourceLoader : initialization starting.
2020-06-17 14:52:39,206 - ClasspathResourceLoader : initialization complete.
2020-06-17 14:52:39,207 - ResourceCache : initialized. (class org.apache.velocity.runtime.resource.ResourceCacheImpl)
2020-06-17 14:52:39,207 - Default ResourceManager initialization complete.
2020-06-17 14:52:39,208 - Loaded System Directive: org.apache.velocity.runtime.directive.Literal
2020-06-17 14:52:39,208 - Loaded System Directive: org.apache.velocity.runtime.directive.Macro
2020-06-17 14:52:39,209 - Loaded System Directive: org.apache.velocity.runtime.directive.Parse
2020-06-17 14:52:39,210 - Loaded System Directive: org.apache.velocity.runtime.directive.Include
2020-06-17 14:52:39,210 - Loaded System Directive: org.apache.velocity.runtime.directive.Foreach
2020-06-17 14:52:39,226 - Created: 20 parsers.
2020-06-17 14:52:39,228 - Velocimacro : initialization starting.
2020-06-17 14:52:39,228 - Velocimacro : adding VMs from VM library template : VM_global_library.vm
2020-06-17 14:52:39,229 - ResourceManager : unable to find resource 'VM_global_library.vm' in any resource loader.
2020-06-17 14:52:39,229 - Velocimacro : error using  VM library template VM_global_library.vm : org.apache.velocity.exception.ResourceNotFoundException: Unable to find resource 'VM_global_library.vm'
2020-06-17 14:52:39,230 - Velocimacro :  VM library template macro registration complete.
2020-06-17 14:52:39,230 - Velocimacro : allowInline = true : VMs can be defined inline in templates
2020-06-17 14:52:39,230 - Velocimacro : allowInlineToOverride = false : VMs defined inline may NOT replace previous VM definitions
2020-06-17 14:52:39,230 - Velocimacro : allowInlineLocal = false : VMs defined inline will be  global in scope if allowed.
2020-06-17 14:52:39,230 - Velocimacro : messages on  : VM system will output logging messages
2020-06-17 14:52:39,230 - Velocimacro : autoload off  : VM system will not automatically reload global library macros
2020-06-17 14:52:39,230 - Velocimacro : initialization complete.
2020-06-17 14:52:39,230 - Velocity successfully started.
2020-06-17 14:53:20,435 - SimpleLog4JLogSystem initialized using logfile 'velocity.log'
2020-06-17 14:53:20,436 - ************************************************************** 
2020-06-17 14:53:20,436 - Starting Jakarta Velocity v1.4
2020-06-17 14:53:20,436 - RuntimeInstance initializing.
2020-06-17 14:53:20,436 - Default Properties File: org/apache/velocity/runtime/defaults/velocity.properties
2020-06-17 14:53:20,436 - Trying to use logger class org.apache.velocity.runtime.log.SimpleLog4JLogSystem
2020-06-17 14:53:20,436 - Using logger class org.apache.velocity.runtime.log.SimpleLog4JLogSystem
2020-06-17 14:53:20,437 - Default ResourceManager initializing. (class org.apache.velocity.runtime.resource.ResourceManagerImpl)
2020-06-17 14:53:20,438 - Resource Loader Instantiated: org.apache.velocity.runtime.resource.loader.ClasspathResourceLoader
2020-06-17 14:53:20,438 - ClasspathResourceLoader : initialization starting.
2020-06-17 14:53:20,438 - ClasspathResourceLoader : initialization complete.
2020-06-17 14:53:20,439 - ResourceCache : initialized. (class org.apache.velocity.runtime.resource.ResourceCacheImpl)
2020-06-17 14:53:20,439 - Default ResourceManager initialization complete.
2020-06-17 14:53:20,440 - Loaded System Directive: org.apache.velocity.runtime.directive.Literal
2020-06-17 14:53:20,440 - Loaded System Directive: org.apache.velocity.runtime.directive.Macro
2020-06-17 14:53:20,441 - Loaded System Directive: org.apache.velocity.runtime.directive.Parse
2020-06-17 14:53:20,442 - Loaded System Directive: org.apache.velocity.runtime.directive.Include
2020-06-17 14:53:20,443 - Loaded System Directive: org.apache.velocity.runtime.directive.Foreach
2020-06-17 14:53:20,459 - Created: 20 parsers.
2020-06-17 14:53:20,462 - Velocimacro : initialization starting.
2020-06-17 14:53:20,462 - Velocimacro : adding VMs from VM library template : VM_global_library.vm
2020-06-17 14:53:20,464 - ResourceManager : unable to find resource 'VM_global_library.vm' in any resource loader.
2020-06-17 14:53:20,464 - Velocimacro : error using  VM library template VM_global_library.vm : org.apache.velocity.exception.ResourceNotFoundException: Unable to find resource 'VM_global_library.vm'
2020-06-17 14:53:20,464 - Velocimacro :  VM library template macro registration complete.
2020-06-17 14:53:20,464 - Velocimacro : allowInline = true : VMs can be defined inline in templates
2020-06-17 14:53:20,464 - Velocimacro : allowInlineToOverride = false : VMs defined inline may NOT replace previous VM definitions
2020-06-17 14:53:20,464 - Velocimacro : allowInlineLocal = false : VMs defined inline will be  global in scope if allowed.
2020-06-17 14:53:20,464 - Velocimacro : messages on  : VM system will output logging messages
2020-06-17 14:53:20,464 - Velocimacro : autoload off  : VM system will not automatically reload global library macros
2020-06-17 14:53:20,464 - Velocimacro : initialization complete.
2020-06-17 14:53:20,464 - Velocity successfully started.
2020-06-17 14:54:22,719 - SimpleLog4JLogSystem initialized using logfile 'velocity.log'
2020-06-17 14:54:22,720 - ************************************************************** 
2020-06-17 14:54:22,720 - Starting Jakarta Velocity v1.4
2020-06-17 14:54:22,720 - RuntimeInstance initializing.
2020-06-17 14:54:22,720 - Default Properties File: org/apache/velocity/runtime/defaults/velocity.properties
2020-06-17 14:54:22,720 - Trying to use logger class org.apache.velocity.runtime.log.SimpleLog4JLogSystem
2020-06-17 14:54:22,720 - Using logger class org.apache.velocity.runtime.log.SimpleLog4JLogSystem
2020-06-17 14:54:22,721 - Default ResourceManager initializing. (class org.apache.velocity.runtime.resource.ResourceManagerImpl)
2020-06-17 14:54:22,722 - Resource Loader Instantiated: org.apache.velocity.runtime.resource.loader.ClasspathResourceLoader
2020-06-17 14:54:22,723 - ClasspathResourceLoader : initialization starting.
2020-06-17 14:54:22,723 - ClasspathResourceLoader : initialization complete.
2020-06-17 14:54:22,723 - ResourceCache : initialized. (class org.apache.velocity.runtime.resource.ResourceCacheImpl)
2020-06-17 14:54:22,723 - Default ResourceManager initialization complete.
2020-06-17 14:54:22,724 - Loaded System Directive: org.apache.velocity.runtime.directive.Literal
2020-06-17 14:54:22,725 - Loaded System Directive: org.apache.velocity.runtime.directive.Macro
2020-06-17 14:54:22,726 - Loaded System Directive: org.apache.velocity.runtime.directive.Parse
2020-06-17 14:54:22,726 - Loaded System Directive: org.apache.velocity.runtime.directive.Include
2020-06-17 14:54:22,727 - Loaded System Directive: org.apache.velocity.runtime.directive.Foreach
2020-06-17 14:54:22,744 - Created: 20 parsers.
2020-06-17 14:54:22,747 - Velocimacro : initialization starting.
2020-06-17 14:54:22,747 - Velocimacro : adding VMs from VM library template : VM_global_library.vm
2020-06-17 14:54:22,748 - ResourceManager : unable to find resource 'VM_global_library.vm' in any resource loader.
2020-06-17 14:54:22,748 - Velocimacro : error using  VM library template VM_global_library.vm : org.apache.velocity.exception.ResourceNotFoundException: Unable to find resource 'VM_global_library.vm'
2020-06-17 14:54:22,749 - Velocimacro :  VM library template macro registration complete.
2020-06-17 14:54:22,749 - Velocimacro : allowInline = true : VMs can be defined inline in templates
2020-06-17 14:54:22,749 - Velocimacro : allowInlineToOverride = false : VMs defined inline may NOT replace previous VM definitions
2020-06-17 14:54:22,749 - Velocimacro : allowInlineLocal = false : VMs defined inline will be  global in scope if allowed.
2020-06-17 14:54:22,749 - Velocimacro : messages on  : VM system will output logging messages
2020-06-17 14:54:22,749 - Velocimacro : autoload off  : VM system will not automatically reload global library macros
2020-06-17 14:54:22,749 - Velocimacro : initialization complete.
2020-06-17 14:54:22,749 - Velocity successfully started.
2020-06-17 15:27:05,702 - SimpleLog4JLogSystem initialized using logfile 'velocity.log'
2020-06-17 15:27:05,703 - ************************************************************** 
2020-06-17 15:27:05,703 - Starting Jakarta Velocity v1.4
2020-06-17 15:27:05,703 - RuntimeInstance initializing.
2020-06-17 15:27:05,703 - Default Properties File: org/apache/velocity/runtime/defaults/velocity.properties
2020-06-17 15:27:05,703 - Trying to use logger class org.apache.velocity.runtime.log.SimpleLog4JLogSystem
2020-06-17 15:27:05,703 - Using logger class org.apache.velocity.runtime.log.SimpleLog4JLogSystem
2020-06-17 15:27:05,704 - Default ResourceManager initializing. (class org.apache.velocity.runtime.resource.ResourceManagerImpl)
2020-06-17 15:27:05,705 - Resource Loader Instantiated: org.apache.velocity.runtime.resource.loader.ClasspathResourceLoader
2020-06-17 15:27:05,705 - ClasspathResourceLoader : initialization starting.
2020-06-17 15:27:05,705 - ClasspathResourceLoader : initialization complete.
2020-06-17 15:27:05,706 - ResourceCache : initialized. (class org.apache.velocity.runtime.resource.ResourceCacheImpl)
2020-06-17 15:27:05,706 - Default ResourceManager initialization complete.
2020-06-17 15:27:05,706 - Loaded System Directive: org.apache.velocity.runtime.directive.Literal
2020-06-17 15:27:05,707 - Loaded System Directive: org.apache.velocity.runtime.directive.Macro
2020-06-17 15:27:05,708 - Loaded System Directive: org.apache.velocity.runtime.directive.Parse
2020-06-17 15:27:05,708 - Loaded System Directive: org.apache.velocity.runtime.directive.Include
2020-06-17 15:27:05,709 - Loaded System Directive: org.apache.velocity.runtime.directive.Foreach
2020-06-17 15:27:05,724 - Created: 20 parsers.
2020-06-17 15:27:05,727 - Velocimacro : initialization starting.
2020-06-17 15:27:05,727 - Velocimacro : adding VMs from VM library template : VM_global_library.vm
2020-06-17 15:27:05,728 - ResourceManager : unable to find resource 'VM_global_library.vm' in any resource loader.
2020-06-17 15:27:05,728 - Velocimacro : error using  VM library template VM_global_library.vm : org.apache.velocity.exception.ResourceNotFoundException: Unable to find resource 'VM_global_library.vm'
2020-06-17 15:27:05,728 - Velocimacro :  VM library template macro registration complete.
2020-06-17 15:27:05,728 - Velocimacro : allowInline = true : VMs can be defined inline in templates
2020-06-17 15:27:05,728 - Velocimacro : allowInlineToOverride = false : VMs defined inline may NOT replace previous VM definitions
2020-06-17 15:27:05,728 - Velocimacro : allowInlineLocal = false : VMs defined inline will be  global in scope if allowed.
2020-06-17 15:27:05,728 - Velocimacro : messages on  : VM system will output logging messages
2020-06-17 15:27:05,728 - Velocimacro : autoload off  : VM system will not automatically reload global library macros
2020-06-17 15:27:05,729 - Velocimacro : initialization complete.
2020-06-17 15:27:05,729 - Velocity successfully started.
2020-06-17 15:53:53,573 - SimpleLog4JLogSystem initialized using logfile 'velocity.log'
2020-06-17 15:53:53,573 - ************************************************************** 
2020-06-17 15:53:53,573 - Starting Jakarta Velocity v1.4
2020-06-17 15:53:53,574 - RuntimeInstance initializing.
2020-06-17 15:53:53,574 - Default Properties File: org/apache/velocity/runtime/defaults/velocity.properties
2020-06-17 15:53:53,574 - Trying to use logger class org.apache.velocity.runtime.log.SimpleLog4JLogSystem
2020-06-17 15:53:53,574 - Using logger class org.apache.velocity.runtime.log.SimpleLog4JLogSystem
2020-06-17 15:53:53,575 - Default ResourceManager initializing. (class org.apache.velocity.runtime.resource.ResourceManagerImpl)
2020-06-17 15:53:53,576 - Resource Loader Instantiated: org.apache.velocity.runtime.resource.loader.ClasspathResourceLoader
2020-06-17 15:53:53,576 - ClasspathResourceLoader : initialization starting.
2020-06-17 15:53:53,576 - ClasspathResourceLoader : initialization complete.
2020-06-17 15:53:53,577 - ResourceCache : initialized. (class org.apache.velocity.runtime.resource.ResourceCacheImpl)
2020-06-17 15:53:53,577 - Default ResourceManager initialization complete.
2020-06-17 15:53:53,577 - Loaded System Directive: org.apache.velocity.runtime.directive.Literal
2020-06-17 15:53:53,578 - Loaded System Directive: org.apache.velocity.runtime.directive.Macro
2020-06-17 15:53:53,579 - Loaded System Directive: org.apache.velocity.runtime.directive.Parse
2020-06-17 15:53:53,580 - Loaded System Directive: org.apache.velocity.runtime.directive.Include
2020-06-17 15:53:53,580 - Loaded System Directive: org.apache.velocity.runtime.directive.Foreach
2020-06-17 15:53:53,596 - Created: 20 parsers.
2020-06-17 15:53:53,598 - Velocimacro : initialization starting.
2020-06-17 15:53:53,598 - Velocimacro : adding VMs from VM library template : VM_global_library.vm
2020-06-17 15:53:53,599 - ResourceManager : unable to find resource 'VM_global_library.vm' in any resource loader.
2020-06-17 15:53:53,599 - Velocimacro : error using  VM library template VM_global_library.vm : org.apache.velocity.exception.ResourceNotFoundException: Unable to find resource 'VM_global_library.vm'
2020-06-17 15:53:53,599 - Velocimacro :  VM library template macro registration complete.
2020-06-17 15:53:53,599 - Velocimacro : allowInline = true : VMs can be defined inline in templates
2020-06-17 15:53:53,599 - Velocimacro : allowInlineToOverride = false : VMs defined inline may NOT replace previous VM definitions
2020-06-17 15:53:53,599 - Velocimacro : allowInlineLocal = false : VMs defined inline will be  global in scope if allowed.
2020-06-17 15:53:53,599 - Velocimacro : messages on  : VM system will output logging messages
2020-06-17 15:53:53,600 - Velocimacro : autoload off  : VM system will not automatically reload global library macros
2020-06-17 15:53:53,600 - Velocimacro : initialization complete.
2020-06-17 15:53:53,600 - Velocity successfully started.
